<?xml version="1.0" encoding="UTF-8"?>
<testsuites name="12.1- AI Assistant (ChatGPTbeta)" time="97.752" tests="1" failures="0" errors="1">
   <testsuite name="12.1- AI Assistant (ChatGPTbeta)" tests="1" failures="0" errors="1" time="97.752" skipped="0" timestamp="2023-08-03 18:46:02" hostname="Personal - DESKTOP-TFDFEQ1" id="Test Suites/TS-Organization/12.1- AI Assistant (ChatGPTbeta)">
      <properties>
         <property name="deviceName" value=""/>
         <property name="devicePlatform" value=""/>
         <property name="logFolder" value="C:\\Users\\Personal\\Documents\\GitHub\\Everleagues\\Reports\\20230803_184559\\TS-Organization\\12.1- AI Assistant (ChatGPTbeta)\\20230803_184600"/>
         <property name="logFiles" value="C:\\Users\\Personal\\Documents\\GitHub\\Everleagues\\Reports\\20230803_184559\\TS-Organization\\12.1- AI Assistant (ChatGPTbeta)\\20230803_184600\\execution0.log"/>
         <property name="attachments" value=""/>
         <property name="hostName" value="Personal - DESKTOP-TFDFEQ1"/>
         <property name="os" value="Windows 11 64bit"/>
         <property name="katalonVersion" value="8.6.5.208"/>
         <property name="browser" value="Chrome 115.0.0.0"/>
         <property name="hostAddress" value="10.100.1.38"/>
         <property name="sessionId" value="303ecdbf6ad8877f7949af922fbb9b33"/>
         <property name="seleniumVersion" value="3.141.59"/>
         <property name="proxyInformation" value="ProxyInformation { proxyOption=NO_PROXY, proxyServerType=HTTP, username=, password=********, proxyServerAddress=, proxyServerPort=0, executionList=&quot;&quot;, isApplyToDesiredCapabilities=true }"/>
         <property name="platform" value="Windows 11"/>
      </properties>
      <testcase name="Test Cases/12- AI assistant (beta)/12.1-ChatGPT (beta)/01-Empty inquiry content and proceed asking" time="97.572" classname="Test Cases/12- AI assistant (beta)/12.1-ChatGPT (beta)/01-Empty inquiry content and proceed asking" status="ERROR">
         <error type="ERROR" message="Test Cases/12- AI assistant (beta)/12.1-ChatGPT (beta)/01-Empty inquiry content and proceed asking FAILED.
Reason:
groovy.lang.MissingMethodException: No signature of method: static com.kms.katalon.core.webui.keyword.WebUiBuiltInKeywords.verifyElementAttributeValue() is applicable for argument types: (com.kms.katalon.core.testobject.TestObject, java.lang.String, java.lang.String) values: [TestObject - 'Object Repository/12-AI Assistant(beta)/12.1-Chat GPT(beta)/Ask me anything input field', ...]
Possible solutions: verifyElementAttributeValue(com.kms.katalon.core.testobject.TestObject, java.lang.String, java.lang.String, int), verifyElementAttributeValue(com.kms.katalon.core.testobject.TestObject, java.lang.String, java.lang.String, int, com.kms.katalon.core.model.FailureHandling)
	at 01-Empty inquiry content and proceed asking.run(01-Empty inquiry content and proceed asking:56)
	at com.kms.katalon.core.main.ScriptEngine.run(ScriptEngine.java:194)
	at com.kms.katalon.core.main.ScriptEngine.runScriptAsRawText(ScriptEngine.java:119)
	at com.kms.katalon.core.main.TestCaseExecutor.runScript(TestCaseExecutor.java:448)
	at com.kms.katalon.core.main.TestCaseExecutor.doExecute(TestCaseExecutor.java:439)
	at com.kms.katalon.core.main.TestCaseExecutor.processExecutionPhase(TestCaseExecutor.java:418)
	at com.kms.katalon.core.main.TestCaseExecutor.accessMainPhase(TestCaseExecutor.java:410)
	at com.kms.katalon.core.main.TestCaseExecutor.execute(TestCaseExecutor.java:285)
	at com.kms.katalon.core.common.CommonExecutor.accessTestCaseMainPhase(CommonExecutor.java:65)
	at com.kms.katalon.core.main.TestSuiteExecutor.accessTestSuiteMainPhase(TestSuiteExecutor.java:148)
	at com.kms.katalon.core.main.TestSuiteExecutor.execute(TestSuiteExecutor.java:106)
	at com.kms.katalon.core.main.TestCaseMain.startTestSuite(TestCaseMain.java:187)
	at com.kms.katalon.core.main.TestCaseMain$startTestSuite$0.call(Unknown Source)
	at TempTestSuite1691059560831.run(TempTestSuite1691059560831.groovy:36)
"/>
         <system-out><![CDATA[2023-08-03 18:46:02 - [TEST_CASE][ERROR] - Test Cases/12- AI assistant (beta)/12.1-ChatGPT (beta)/01-Empty inquiry content and proceed asking: Test Cases/12- AI assistant (beta)/12.1-ChatGPT (beta)/01-Empty inquiry content and proceed asking FAILED.
Reason:
groovy.lang.MissingMethodException: No signature of method: static com.kms.katalon.core.webui.keyword.WebUiBuiltInKeywords.verifyElementAttributeValue() is applicable for argument types: (com.kms.katalon.core.testobject.TestObject, java.lang.String, java.lang.String) values: [TestObject - 'Object Repository/12-AI Assistant(beta)/12.1-Chat GPT(beta)/Ask me anything input field', ...]
Possible solutions: verifyElementAttributeValue(com.kms.katalon.core.testobject.TestObject, java.lang.String, java.lang.String, int), verifyElementAttributeValue(com.kms.katalon.core.testobject.TestObject, java.lang.String, java.lang.String, int, com.kms.katalon.core.model.FailureHandling)
	at 01-Empty inquiry content and proceed asking.run(01-Empty inquiry content and proceed asking:56)
	at com.kms.katalon.core.main.ScriptEngine.run(ScriptEngine.java:194)
	at com.kms.katalon.core.main.ScriptEngine.runScriptAsRawText(ScriptEngine.java:119)
	at com.kms.katalon.core.main.TestCaseExecutor.runScript(TestCaseExecutor.java:448)
	at com.kms.katalon.core.main.TestCaseExecutor.doExecute(TestCaseExecutor.java:439)
	at com.kms.katalon.core.main.TestCaseExecutor.processExecutionPhase(TestCaseExecutor.java:418)
	at com.kms.katalon.core.main.TestCaseExecutor.accessMainPhase(TestCaseExecutor.java:410)
	at com.kms.katalon.core.main.TestCaseExecutor.execute(TestCaseExecutor.java:285)
	at com.kms.katalon.core.common.CommonExecutor.accessTestCaseMainPhase(CommonExecutor.java:65)
	at com.kms.katalon.core.main.TestSuiteExecutor.accessTestSuiteMainPhase(TestSuiteExecutor.java:148)
	at com.kms.katalon.core.main.TestSuiteExecutor.execute(TestSuiteExecutor.java:106)
	at com.kms.katalon.core.main.TestCaseMain.startTestSuite(TestCaseMain.java:187)
	at com.kms.katalon.core.main.TestCaseMain$startTestSuite$0.call(Unknown Source)
	at TempTestSuite1691059560831.run(TempTestSuite1691059560831.groovy:36)


2023-08-03 18:46:03 - [TEST_STEP][PASSED] - openBrowser(""): Browser is opened with url: ''

2023-08-03 18:46:03 - [MESSAGE][INFO] - Starting 'Chrome' driver

2023-08-03 18:46:03 - [MESSAGE][INFO] - User set preference: ['args', '[--disable-web-security, --ignore-certificate-errors, --no-first-run, --disable-gpu]']

2023-08-03 18:46:03 - [MESSAGE][INFO] - Action delay is set to 0 milliseconds

2023-08-03 18:46:05 - [MESSAGE][PASSED] - Browser is opened with url: ''

2023-08-03 18:46:05 - [TEST_STEP][PASSED] - navigateToUrl(app_url_login): Navigate to 'https://lab.everleagues.com/login' successfully

2023-08-03 18:46:17 - [MESSAGE][PASSED] - Navigate to 'https://lab.everleagues.com/login' successfully

2023-08-03 18:46:17 - [TEST_STEP][PASSED] - maximizeWindow(): Current window maximized

2023-08-03 18:46:18 - [MESSAGE][PASSED] - Current window maximized

2023-08-03 18:46:18 - [TEST_STEP][PASSED] - callTestCase(findTestCase("01-Login and Forgot Password/04-Login(Valid Credentials-With Subscription)"), [:], STOP_ON_FAILURE): Call Test Case 'Test Cases/01-Login and Forgot Password/04-Login(Valid Credentials-With Subscription)' successfully

2023-08-03 18:46:18 - [TEST_CASE][PASSED] - Test Cases/01-Login and Forgot Password/04-Login(Valid Credentials-With Subscription): Test Cases/01-Login and Forgot Password/04-Login(Valid Credentials-With Subscription)

2023-08-03 18:46:18 - [TEST_STEP][PASSED] - setText(findTestObject("01-Login and Forgot Password/input_Email_email"), email_with_subscription): Text 'testuser005@mailinator.com' is set on object 'Object Repository/01-Login and Forgot Password/input_Email_email'

2023-08-03 18:46:19 - [MESSAGE][PASSED] - Text 'testuser005@mailinator.com' is set on object 'Object Repository/01-Login and Forgot Password/input_Email_email'

2023-08-03 18:46:19 - [TEST_STEP][PASSED] - setEncryptedText(findTestObject("01-Login and Forgot Password/input_Email_password"), password): Text ****** has been set on object 'Object Repository/01-Login and Forgot Password/input_Email_password'

2023-08-03 18:46:19 - [MESSAGE][PASSED] - Text ****** has been set on object 'Object Repository/01-Login and Forgot Password/input_Email_password'

2023-08-03 18:46:19 - [TEST_STEP][PASSED] - delay(delay_2seconds): Delayed 2 second(s)

2023-08-03 18:46:21 - [MESSAGE][PASSED] - Delayed 2 second(s)

2023-08-03 18:46:21 - [TEST_STEP][PASSED] - click(findTestObject("01-Login and Forgot Password/show pass button")): Object: 'Object Repository/01-Login and Forgot Password/show pass button' is clicked on

2023-08-03 18:46:22 - [MESSAGE][PASSED] - Object: 'Object Repository/01-Login and Forgot Password/show pass button' is clicked on

2023-08-03 18:46:22 - [TEST_STEP][PASSED] - delay(delay_3seconds): Delayed 3 second(s)

2023-08-03 18:46:25 - [MESSAGE][PASSED] - Delayed 3 second(s)

2023-08-03 18:46:25 - [TEST_STEP][PASSED] - click(findTestObject("01-Login and Forgot Password/button_Sign in")): Object: 'Object Repository/01-Login and Forgot Password/button_Sign in' is clicked on

2023-08-03 18:46:25 - [MESSAGE][PASSED] - Object: 'Object Repository/01-Login and Forgot Password/button_Sign in' is clicked on

2023-08-03 18:46:25 - [TEST_STEP][PASSED] - delay(delay_3seconds): Delayed 3 second(s)

2023-08-03 18:46:28 - [MESSAGE][PASSED] - Delayed 3 second(s)

2023-08-03 18:46:28 - [TEST_STEP][PASSED] - executeJavaScript("window.open();", []): Execute JavaScript 'window.open();' successfully

2023-08-03 18:46:28 - [MESSAGE][PASSED] - Execute JavaScript 'window.open();' successfully

2023-08-03 18:46:28 - [TEST_STEP][PASSED] - currentWindow = getWindowIndex(): Current window's index is: 0

2023-08-03 18:46:28 - [MESSAGE][PASSED] - Current window's index is: 0

2023-08-03 18:46:28 - [TEST_STEP][PASSED] - delay(delay_3seconds): Delayed 3 second(s)

2023-08-03 18:46:31 - [MESSAGE][PASSED] - Delayed 3 second(s)

2023-08-03 18:46:31 - [TEST_STEP][PASSED] - switchToWindowIndex(currentWindow + 1): Switched to window with index: '1'

2023-08-03 18:46:31 - [MESSAGE][PASSED] - Switched to window with index: '1'

2023-08-03 18:46:31 - [TEST_STEP][PASSED] - navigateToUrl(app_mailinator): Navigate to 'https://www.mailinator.com/' successfully

2023-08-03 18:46:39 - [MESSAGE][PASSED] - Navigate to 'https://www.mailinator.com/' successfully

2023-08-03 18:46:39 - [TEST_STEP][PASSED] - delay(delay_3seconds): Delayed 3 second(s)

2023-08-03 18:46:42 - [MESSAGE][PASSED] - Delayed 3 second(s)

2023-08-03 18:46:42 - [TEST_STEP][PASSED] - setText(findTestObject("00-Signup and Activation/zMailinator/input_LOGIN_search"), email_for_searchmailinator_testuser05): Text 'testuser005@mailinator.com' is set on object 'Object Repository/00-Signup and Activation/zMailinator/input_LOGIN_search'

2023-08-03 18:46:43 - [MESSAGE][PASSED] - Text 'testuser005@mailinator.com' is set on object 'Object Repository/00-Signup and Activation/zMailinator/input_LOGIN_search'

2023-08-03 18:46:43 - [TEST_STEP][PASSED] - click(findTestObject("00-Signup and Activation/zMailinator/gobutton"), STOP_ON_FAILURE): Object: 'Object Repository/00-Signup and Activation/zMailinator/gobutton' is clicked on

2023-08-03 18:46:44 - [MESSAGE][PASSED] - Object: 'Object Repository/00-Signup and Activation/zMailinator/gobutton' is clicked on

2023-08-03 18:46:44 - [TEST_STEP][PASSED] - delay(delay_10seconds): Delayed 10 second(s)

2023-08-03 18:46:54 - [MESSAGE][PASSED] - Delayed 10 second(s)

2023-08-03 18:46:54 - [TEST_STEP][PASSED] - click(findTestObject("00-Signup and Activation/zMailinator/Email - everleagues")): Object: 'Object Repository/00-Signup and Activation/zMailinator/Email - everleagues' is clicked on

2023-08-03 18:46:54 - [MESSAGE][PASSED] - Object: 'Object Repository/00-Signup and Activation/zMailinator/Email - everleagues' is clicked on

2023-08-03 18:46:54 - [TEST_STEP][PASSED] - delay(delay_5seconds): Delayed 5 second(s)

2023-08-03 18:46:59 - [MESSAGE][PASSED] - Delayed 5 second(s)

2023-08-03 18:46:59 - [TEST_STEP][PASSED] - code = getText(findTestObject("Object Repository/06-Teams/For 2FA/2FA code")): Text of object 'Object Repository/06-Teams/For 2FA/2FA code' is: '011915'

2023-08-03 18:46:59 - [MESSAGE][PASSED] - Text of object 'Object Repository/06-Teams/For 2FA/2FA code' is: '011915'

2023-08-03 18:46:59 - [TEST_STEP][PASSED] - delay(delay_3seconds): Delayed 3 second(s)

2023-08-03 18:47:02 - [MESSAGE][PASSED] - Delayed 3 second(s)

2023-08-03 18:47:02 - [TEST_STEP][PASSED] - closeWindowTitle("Mailinator"): Window with title: 'Mailinator' is closed

2023-08-03 18:47:03 - [MESSAGE][PASSED] - Window with title: 'Mailinator' is closed

2023-08-03 18:47:03 - [TEST_STEP][PASSED] - delay(delay_5seconds): Delayed 5 second(s)

2023-08-03 18:47:08 - [MESSAGE][PASSED] - Delayed 5 second(s)

2023-08-03 18:47:08 - [TEST_STEP][PASSED] - switchToWindowIndex(0): Switched to window with index: '0'

2023-08-03 18:47:08 - [MESSAGE][PASSED] - Switched to window with index: '0'

2023-08-03 18:47:08 - [TEST_STEP][PASSED] - delay(delay_3seconds): Delayed 3 second(s)

2023-08-03 18:47:11 - [MESSAGE][PASSED] - Delayed 3 second(s)

2023-08-03 18:47:11 - [TEST_STEP][PASSED] - setText(findTestObject("Object Repository/06-Teams/For 2FA/input_Enter verification code_code"), code): Text '011915' is set on object 'Object Repository/06-Teams/For 2FA/input_Enter verification code_code'

2023-08-03 18:47:12 - [MESSAGE][PASSED] - Text '011915' is set on object 'Object Repository/06-Teams/For 2FA/input_Enter verification code_code'

2023-08-03 18:47:12 - [TEST_STEP][PASSED] - delay(delay_3seconds): Delayed 3 second(s)

2023-08-03 18:47:15 - [MESSAGE][PASSED] - Delayed 3 second(s)

2023-08-03 18:47:15 - [TEST_STEP][PASSED] - click(findTestObject("06-Teams/For 2FA/button_Verify_2FA")): Object: 'Object Repository/06-Teams/For 2FA/button_Verify_2FA' is clicked on

2023-08-03 18:47:15 - [MESSAGE][PASSED] - Object: 'Object Repository/06-Teams/For 2FA/button_Verify_2FA' is clicked on

2023-08-03 18:47:15 - [TEST_STEP][PASSED] - delay(delay_3seconds): Delayed 3 second(s)

2023-08-03 18:47:18 - [MESSAGE][PASSED] - Delayed 3 second(s)

2023-08-03 18:47:18 - [MESSAGE][PASSED] - Call Test Case 'Test Cases/01-Login and Forgot Password/04-Login(Valid Credentials-With Subscription)' successfully

2023-08-03 18:47:18 - [TEST_STEP][PASSED] - click(findTestObject("06-Teams/button_doublearrow")): Object: 'Object Repository/06-Teams/button_doublearrow' is clicked on

2023-08-03 18:47:19 - [MESSAGE][PASSED] - Object: 'Object Repository/06-Teams/button_doublearrow' is clicked on

2023-08-03 18:47:19 - [TEST_STEP][PASSED] - click(findTestObject("06-Teams/button_My Organizations")): Object: 'Object Repository/06-Teams/button_My Organizations' is clicked on

2023-08-03 18:47:23 - [MESSAGE][PASSED] - Object: 'Object Repository/06-Teams/button_My Organizations' is clicked on

2023-08-03 18:47:23 - [TEST_STEP][PASSED] - click(findTestObject("02-Side Icons(Organization)/Add Contact/button_Automation Test Org")): Object: 'Object Repository/02-Side Icons(Organization)/Add Contact/button_Automation Test Org' is clicked on

2023-08-03 18:47:24 - [MESSAGE][PASSED] - Object: 'Object Repository/02-Side Icons(Organization)/Add Contact/button_Automation Test Org' is clicked on

2023-08-03 18:47:24 - [TEST_STEP][PASSED] - delay(delay_4seconds): Delayed 4 second(s)

2023-08-03 18:47:28 - [MESSAGE][PASSED] - Delayed 4 second(s)

2023-08-03 18:47:28 - [TEST_STEP][PASSED] - verifyElementVisible(findTestObject("02-Side Icons(Organization)/Add Contact/span_Automation Test Org")): Object 'Object Repository/02-Side Icons(Organization)/Add Contact/span_Automation Test Org' is visible

2023-08-03 18:47:28 - [MESSAGE][PASSED] - Object 'Object Repository/02-Side Icons(Organization)/Add Contact/span_Automation Test Org' is visible

2023-08-03 18:47:28 - [TEST_STEP][PASSED] - delay(delay_5seconds): Delayed 5 second(s)

2023-08-03 18:47:33 - [MESSAGE][PASSED] - Delayed 5 second(s)

2023-08-03 18:47:33 - [TEST_STEP][PASSED] - scrollToElement(findTestObject("12-AI Assistant(beta)/AI asst button-Side panel"), 30): Scroll to object 'Object Repository/12-AI Assistant(beta)/AI asst button-Side panel' successfully

2023-08-03 18:47:33 - [MESSAGE][PASSED] - Scroll to object 'Object Repository/12-AI Assistant(beta)/AI asst button-Side panel' successfully

2023-08-03 18:47:33 - [TEST_STEP][PASSED] - click(findTestObject("12-AI Assistant(beta)/AI asst button-Side panel")): Object: 'Object Repository/12-AI Assistant(beta)/AI asst button-Side panel' is clicked on

2023-08-03 18:47:34 - [MESSAGE][PASSED] - Object: 'Object Repository/12-AI Assistant(beta)/AI asst button-Side panel' is clicked on

2023-08-03 18:47:34 - [TEST_STEP][PASSED] - verifyElementVisible(findTestObject("12-AI Assistant(beta)/AI asst button-Side panel")): Object 'Object Repository/12-AI Assistant(beta)/AI asst button-Side panel' is visible

2023-08-03 18:47:34 - [MESSAGE][PASSED] - Object 'Object Repository/12-AI Assistant(beta)/AI asst button-Side panel' is visible

2023-08-03 18:47:34 - [TEST_STEP][PASSED] - delay(delay_3seconds): Delayed 3 second(s)

2023-08-03 18:47:37 - [MESSAGE][PASSED] - Delayed 3 second(s)

2023-08-03 18:47:37 - [TEST_STEP][PASSED] - click(findTestObject("12-AI Assistant(beta)/12.1-Chat GPT(beta)/Chat GPT (beta)")): Object: 'Object Repository/12-AI Assistant(beta)/12.1-Chat GPT(beta)/Chat GPT (beta)' is clicked on

2023-08-03 18:47:38 - [MESSAGE][PASSED] - Object: 'Object Repository/12-AI Assistant(beta)/12.1-Chat GPT(beta)/Chat GPT (beta)' is clicked on

2023-08-03 18:47:38 - [TEST_STEP][PASSED] - verifyElementText(findTestObject("12-AI Assistant(beta)/h4_AI ASSISTANT (BETA)"), "AI ASSISTANT (BETA)"): Actual text and expected text of test object 'Object Repository/12-AI Assistant(beta)/h4_AI ASSISTANT (BETA)' are matched.

2023-08-03 18:47:39 - [MESSAGE][PASSED] - Actual text and expected text of test object 'Object Repository/12-AI Assistant(beta)/h4_AI ASSISTANT (BETA)' are matched.

2023-08-03 18:47:39 - [TEST_STEP][PASSED] - setText(findTestObject("12-AI Assistant(beta)/12.1-Chat GPT(beta)/Ask me anything input field"), ""): Text '' is set on object 'Object Repository/12-AI Assistant(beta)/12.1-Chat GPT(beta)/Ask me anything input field'

2023-08-03 18:47:39 - [MESSAGE][PASSED] - Text '' is set on object 'Object Repository/12-AI Assistant(beta)/12.1-Chat GPT(beta)/Ask me anything input field'

2023-08-03 18:47:39 - [TEST_STEP][PASSED] - click(findTestObject("12-AI Assistant(beta)/12.1-Chat GPT(beta)/Ask ChatGPT button")): Object: 'Object Repository/12-AI Assistant(beta)/12.1-Chat GPT(beta)/Ask ChatGPT button' is clicked on

2023-08-03 18:47:40 - [MESSAGE][PASSED] - Object: 'Object Repository/12-AI Assistant(beta)/12.1-Chat GPT(beta)/Ask ChatGPT button' is clicked on

2023-08-03 18:47:40 - [TEST_STEP][ERROR] - verifyElementAttributeValue(findTestObject("12-AI Assistant(beta)/12.1-Chat GPT(beta)/Ask me anything input field"), "style", "caret-color: rgb(244, 67, 54);"): Test Cases/12- AI assistant (beta)/12.1-ChatGPT (beta)/01-Empty inquiry content and proceed asking FAILED.
Reason:
groovy.lang.MissingMethodException: No signature of method: static com.kms.katalon.core.webui.keyword.WebUiBuiltInKeywords.verifyElementAttributeValue() is applicable for argument types: (com.kms.katalon.core.testobject.TestObject, java.lang.String, java.lang.String) values: [TestObject - 'Object Repository/12-AI Assistant(beta)/12.1-Chat GPT(beta)/Ask me anything input field', ...]
Possible solutions: verifyElementAttributeValue(com.kms.katalon.core.testobject.TestObject, java.lang.String, java.lang.String, int), verifyElementAttributeValue(com.kms.katalon.core.testobject.TestObject, java.lang.String, java.lang.String, int, com.kms.katalon.core.model.FailureHandling)
	at 01-Empty inquiry content and proceed asking.run(01-Empty inquiry content and proceed asking:56)
	at com.kms.katalon.core.main.ScriptEngine.run(ScriptEngine.java:194)
	at com.kms.katalon.core.main.ScriptEngine.runScriptAsRawText(ScriptEngine.java:119)
	at com.kms.katalon.core.main.TestCaseExecutor.runScript(TestCaseExecutor.java:448)
	at com.kms.katalon.core.main.TestCaseExecutor.doExecute(TestCaseExecutor.java:439)
	at com.kms.katalon.core.main.TestCaseExecutor.processExecutionPhase(TestCaseExecutor.java:418)
	at com.kms.katalon.core.main.TestCaseExecutor.accessMainPhase(TestCaseExecutor.java:410)
	at com.kms.katalon.core.main.TestCaseExecutor.execute(TestCaseExecutor.java:285)
	at com.kms.katalon.core.common.CommonExecutor.accessTestCaseMainPhase(CommonExecutor.java:65)
	at com.kms.katalon.core.main.TestSuiteExecutor.accessTestSuiteMainPhase(TestSuiteExecutor.java:148)
	at com.kms.katalon.core.main.TestSuiteExecutor.execute(TestSuiteExecutor.java:106)
	at com.kms.katalon.core.main.TestCaseMain.startTestSuite(TestCaseMain.java:187)
	at com.kms.katalon.core.main.TestCaseMain$startTestSuite$0.call(Unknown Source)
	at TempTestSuite1691059560831.run(TempTestSuite1691059560831.groovy:36)


2023-08-03 18:47:40 - [MESSAGE][ERROR] - Test Cases/12- AI assistant (beta)/12.1-ChatGPT (beta)/01-Empty inquiry content and proceed asking FAILED.
Reason:
groovy.lang.MissingMethodException: No signature of method: static com.kms.katalon.core.webui.keyword.WebUiBuiltInKeywords.verifyElementAttributeValue() is applicable for argument types: (com.kms.katalon.core.testobject.TestObject, java.lang.String, java.lang.String) values: [TestObject - 'Object Repository/12-AI Assistant(beta)/12.1-Chat GPT(beta)/Ask me anything input field', ...]
Possible solutions: verifyElementAttributeValue(com.kms.katalon.core.testobject.TestObject, java.lang.String, java.lang.String, int), verifyElementAttributeValue(com.kms.katalon.core.testobject.TestObject, java.lang.String, java.lang.String, int, com.kms.katalon.core.model.FailureHandling)
	at 01-Empty inquiry content and proceed asking.run(01-Empty inquiry content and proceed asking:56)
	at com.kms.katalon.core.main.ScriptEngine.run(ScriptEngine.java:194)
	at com.kms.katalon.core.main.ScriptEngine.runScriptAsRawText(ScriptEngine.java:119)
	at com.kms.katalon.core.main.TestCaseExecutor.runScript(TestCaseExecutor.java:448)
	at com.kms.katalon.core.main.TestCaseExecutor.doExecute(TestCaseExecutor.java:439)
	at com.kms.katalon.core.main.TestCaseExecutor.processExecutionPhase(TestCaseExecutor.java:418)
	at com.kms.katalon.core.main.TestCaseExecutor.accessMainPhase(TestCaseExecutor.java:410)
	at com.kms.katalon.core.main.TestCaseExecutor.execute(TestCaseExecutor.java:285)
	at com.kms.katalon.core.common.CommonExecutor.accessTestCaseMainPhase(CommonExecutor.java:65)
	at com.kms.katalon.core.main.TestSuiteExecutor.accessTestSuiteMainPhase(TestSuiteExecutor.java:148)
	at com.kms.katalon.core.main.TestSuiteExecutor.execute(TestSuiteExecutor.java:106)
	at com.kms.katalon.core.main.TestCaseMain.startTestSuite(TestCaseMain.java:187)
	at com.kms.katalon.core.main.TestCaseMain$startTestSuite$0.call(Unknown Source)
	at TempTestSuite1691059560831.run(TempTestSuite1691059560831.groovy:36)]]></system-out>
         <system-err><![CDATA[2023-08-03 18:46:02 - [TEST_CASE][ERROR] - Test Cases/12- AI assistant (beta)/12.1-ChatGPT (beta)/01-Empty inquiry content and proceed asking: Test Cases/12- AI assistant (beta)/12.1-ChatGPT (beta)/01-Empty inquiry content and proceed asking FAILED.
Reason:
groovy.lang.MissingMethodException: No signature of method: static com.kms.katalon.core.webui.keyword.WebUiBuiltInKeywords.verifyElementAttributeValue() is applicable for argument types: (com.kms.katalon.core.testobject.TestObject, java.lang.String, java.lang.String) values: [TestObject - 'Object Repository/12-AI Assistant(beta)/12.1-Chat GPT(beta)/Ask me anything input field', ...]
Possible solutions: verifyElementAttributeValue(com.kms.katalon.core.testobject.TestObject, java.lang.String, java.lang.String, int), verifyElementAttributeValue(com.kms.katalon.core.testobject.TestObject, java.lang.String, java.lang.String, int, com.kms.katalon.core.model.FailureHandling)
	at 01-Empty inquiry content and proceed asking.run(01-Empty inquiry content and proceed asking:56)
	at com.kms.katalon.core.main.ScriptEngine.run(ScriptEngine.java:194)
	at com.kms.katalon.core.main.ScriptEngine.runScriptAsRawText(ScriptEngine.java:119)
	at com.kms.katalon.core.main.TestCaseExecutor.runScript(TestCaseExecutor.java:448)
	at com.kms.katalon.core.main.TestCaseExecutor.doExecute(TestCaseExecutor.java:439)
	at com.kms.katalon.core.main.TestCaseExecutor.processExecutionPhase(TestCaseExecutor.java:418)
	at com.kms.katalon.core.main.TestCaseExecutor.accessMainPhase(TestCaseExecutor.java:410)
	at com.kms.katalon.core.main.TestCaseExecutor.execute(TestCaseExecutor.java:285)
	at com.kms.katalon.core.common.CommonExecutor.accessTestCaseMainPhase(CommonExecutor.java:65)
	at com.kms.katalon.core.main.TestSuiteExecutor.accessTestSuiteMainPhase(TestSuiteExecutor.java:148)
	at com.kms.katalon.core.main.TestSuiteExecutor.execute(TestSuiteExecutor.java:106)
	at com.kms.katalon.core.main.TestCaseMain.startTestSuite(TestCaseMain.java:187)
	at com.kms.katalon.core.main.TestCaseMain$startTestSuite$0.call(Unknown Source)
	at TempTestSuite1691059560831.run(TempTestSuite1691059560831.groovy:36)]]></system-err>
      </testcase>
      <system-out><![CDATA[2023-08-03 18:46:02 - [TEST_SUITE][ERROR] - 12.1- AI Assistant (ChatGPTbeta): Test Cases/12- AI assistant (beta)/12.1-ChatGPT (beta)/01-Empty inquiry content and proceed asking FAILED.
Reason:
groovy.lang.MissingMethodException: No signature of method: static com.kms.katalon.core.webui.keyword.WebUiBuiltInKeywords.verifyElementAttributeValue() is applicable for argument types: (com.kms.katalon.core.testobject.TestObject, java.lang.String, java.lang.String) values: [TestObject - 'Object Repository/12-AI Assistant(beta)/12.1-Chat GPT(beta)/Ask me anything input field', ...]
Possible solutions: verifyElementAttributeValue(com.kms.katalon.core.testobject.TestObject, java.lang.String, java.lang.String, int), verifyElementAttributeValue(com.kms.katalon.core.testobject.TestObject, java.lang.String, java.lang.String, int, com.kms.katalon.core.model.FailureHandling)
	at 01-Empty inquiry content and proceed asking.run(01-Empty inquiry content and proceed asking:56)
	at com.kms.katalon.core.main.ScriptEngine.run(ScriptEngine.java:194)
	at com.kms.katalon.core.main.ScriptEngine.runScriptAsRawText(ScriptEngine.java:119)
	at com.kms.katalon.core.main.TestCaseExecutor.runScript(TestCaseExecutor.java:448)
	at com.kms.katalon.core.main.TestCaseExecutor.doExecute(TestCaseExecutor.java:439)
	at com.kms.katalon.core.main.TestCaseExecutor.processExecutionPhase(TestCaseExecutor.java:418)
	at com.kms.katalon.core.main.TestCaseExecutor.accessMainPhase(TestCaseExecutor.java:410)
	at com.kms.katalon.core.main.TestCaseExecutor.execute(TestCaseExecutor.java:285)
	at com.kms.katalon.core.common.CommonExecutor.accessTestCaseMainPhase(CommonExecutor.java:65)
	at com.kms.katalon.core.main.TestSuiteExecutor.accessTestSuiteMainPhase(TestSuiteExecutor.java:148)
	at com.kms.katalon.core.main.TestSuiteExecutor.execute(TestSuiteExecutor.java:106)
	at com.kms.katalon.core.main.TestCaseMain.startTestSuite(TestCaseMain.java:187)
	at com.kms.katalon.core.main.TestCaseMain$startTestSuite$0.call(Unknown Source)
	at TempTestSuite1691059560831.run(TempTestSuite1691059560831.groovy:36)]]></system-out>
      <system-err><![CDATA[2023-08-03 18:46:02 - [TEST_SUITE][ERROR] - 12.1- AI Assistant (ChatGPTbeta): Test Cases/12- AI assistant (beta)/12.1-ChatGPT (beta)/01-Empty inquiry content and proceed asking FAILED.
Reason:
groovy.lang.MissingMethodException: No signature of method: static com.kms.katalon.core.webui.keyword.WebUiBuiltInKeywords.verifyElementAttributeValue() is applicable for argument types: (com.kms.katalon.core.testobject.TestObject, java.lang.String, java.lang.String) values: [TestObject - 'Object Repository/12-AI Assistant(beta)/12.1-Chat GPT(beta)/Ask me anything input field', ...]
Possible solutions: verifyElementAttributeValue(com.kms.katalon.core.testobject.TestObject, java.lang.String, java.lang.String, int), verifyElementAttributeValue(com.kms.katalon.core.testobject.TestObject, java.lang.String, java.lang.String, int, com.kms.katalon.core.model.FailureHandling)
	at 01-Empty inquiry content and proceed asking.run(01-Empty inquiry content and proceed asking:56)
	at com.kms.katalon.core.main.ScriptEngine.run(ScriptEngine.java:194)
	at com.kms.katalon.core.main.ScriptEngine.runScriptAsRawText(ScriptEngine.java:119)
	at com.kms.katalon.core.main.TestCaseExecutor.runScript(TestCaseExecutor.java:448)
	at com.kms.katalon.core.main.TestCaseExecutor.doExecute(TestCaseExecutor.java:439)
	at com.kms.katalon.core.main.TestCaseExecutor.processExecutionPhase(TestCaseExecutor.java:418)
	at com.kms.katalon.core.main.TestCaseExecutor.accessMainPhase(TestCaseExecutor.java:410)
	at com.kms.katalon.core.main.TestCaseExecutor.execute(TestCaseExecutor.java:285)
	at com.kms.katalon.core.common.CommonExecutor.accessTestCaseMainPhase(CommonExecutor.java:65)
	at com.kms.katalon.core.main.TestSuiteExecutor.accessTestSuiteMainPhase(TestSuiteExecutor.java:148)
	at com.kms.katalon.core.main.TestSuiteExecutor.execute(TestSuiteExecutor.java:106)
	at com.kms.katalon.core.main.TestCaseMain.startTestSuite(TestCaseMain.java:187)
	at com.kms.katalon.core.main.TestCaseMain$startTestSuite$0.call(Unknown Source)
	at TempTestSuite1691059560831.run(TempTestSuite1691059560831.groovy:36)]]></system-err>
   </testsuite>
</testsuites>
