<?xml version="1.0" encoding="UTF-8"?>
<testsuites name="14-Income and Expense" time="329.171" tests="12" failures="3" errors="0">
   <testsuite name="14-Income and Expense" tests="12" failures="3" errors="0" time="329.171" skipped="0" timestamp="2023-07-31 20:19:29" hostname="Personal - DESKTOP-TFDFEQ1" id="Test Suites/TS-Organization/14-Income and Expense">
      <properties>
         <property name="deviceName" value=""/>
         <property name="devicePlatform" value=""/>
         <property name="logFolder" value="C:\\Users\\Personal\\Documents\\GitHub\\Everleagues\\Reports\\20230731_201928\\TS-Organization\\14-Income and Expense\\20230731_201928"/>
         <property name="logFiles" value="C:\\Users\\Personal\\Documents\\GitHub\\Everleagues\\Reports\\20230731_201928\\TS-Organization\\14-Income and Expense\\20230731_201928\\execution0.log"/>
         <property name="attachments" value="C:\\Users\\Personal\\Documents\\GitHub\\Everleagues\\Reports\\20230731_201928\\TS-Organization\\14-Income and Expense\\20230731_201928\\1690806219033.png, C:\\Users\\Personal\\Documents\\GitHub\\Everleagues\\Reports\\20230731_201928\\TS-Organization\\14-Income and Expense\\20230731_201928\\1690806265567.png, C:\\Users\\Personal\\Documents\\GitHub\\Everleagues\\Reports\\20230731_201928\\TS-Organization\\14-Income and Expense\\20230731_201928\\1690806298980.png"/>
         <property name="hostName" value="Personal - DESKTOP-TFDFEQ1"/>
         <property name="os" value="Windows 11 64bit"/>
         <property name="katalonVersion" value="8.6.5.208"/>
         <property name="browser" value="Chrome 115.0.0.0"/>
         <property name="hostAddress" value="10.100.1.38"/>
         <property name="sessionId" value="36ade162f2a0b22d63dd69aecf50139e"/>
         <property name="seleniumVersion" value="3.141.59"/>
         <property name="proxyInformation" value="ProxyInformation { proxyOption=NO_PROXY, proxyServerType=HTTP, username=, password=********, proxyServerAddress=, proxyServerPort=0, executionList=&quot;&quot;, isApplyToDesiredCapabilities=true }"/>
         <property name="platform" value="Windows 11"/>
      </properties>
      <testcase name="Test Cases/14-Income and Expense/01-Add Company (required field is blank)" time="125.185" classname="Test Cases/14-Income and Expense/01-Add Company (required field is blank)" status="PASSED">
         <system-out><![CDATA[2023-07-31 20:19:30 - [TEST_CASE][PASSED] - Test Cases/14-Income and Expense/01-Add Company (required field is blank): Test Cases/14-Income and Expense/01-Add Company (required field is blank)

2023-07-31 20:19:30 - [TEST_STEP][PASSED] - openBrowser(""): Browser is opened with url: ''

2023-07-31 20:19:30 - [MESSAGE][INFO] - Starting 'Chrome' driver

2023-07-31 20:19:30 - [MESSAGE][INFO] - User set preference: ['args', '[--disable-web-security, --ignore-certificate-errors, --no-first-run, --disable-gpu]']

2023-07-31 20:19:30 - [MESSAGE][INFO] - Action delay is set to 0 milliseconds

2023-07-31 20:19:32 - [MESSAGE][PASSED] - Browser is opened with url: ''

2023-07-31 20:19:32 - [TEST_STEP][PASSED] - navigateToUrl(appURL): Navigate to 'https://lab.everleagues.com/login' successfully

2023-07-31 20:19:45 - [MESSAGE][PASSED] - Navigate to 'https://lab.everleagues.com/login' successfully

2023-07-31 20:19:45 - [TEST_STEP][PASSED] - maximizeWindow(): Current window maximized

2023-07-31 20:19:45 - [MESSAGE][PASSED] - Current window maximized

2023-07-31 20:19:45 - [TEST_STEP][PASSED] - callTestCase(findTestCase("01-Login and Forgot Password/04-Login(Valid Credentials-With Subscription)"), [:], STOP_ON_FAILURE): Call Test Case 'Test Cases/01-Login and Forgot Password/04-Login(Valid Credentials-With Subscription)' successfully

2023-07-31 20:19:45 - [TEST_CASE][PASSED] - Test Cases/01-Login and Forgot Password/04-Login(Valid Credentials-With Subscription): Test Cases/01-Login and Forgot Password/04-Login(Valid Credentials-With Subscription)

2023-07-31 20:19:46 - [TEST_STEP][PASSED] - setText(findTestObject("01-Login and Forgot Password/input_Email_email"), email_with_subscription): Text 'testuser005@mailinator.com' is set on object 'Object Repository/01-Login and Forgot Password/input_Email_email'

2023-07-31 20:19:46 - [MESSAGE][PASSED] - Text 'testuser005@mailinator.com' is set on object 'Object Repository/01-Login and Forgot Password/input_Email_email'

2023-07-31 20:19:46 - [TEST_STEP][PASSED] - setEncryptedText(findTestObject("01-Login and Forgot Password/input_Email_password"), password): Text ****** has been set on object 'Object Repository/01-Login and Forgot Password/input_Email_password'

2023-07-31 20:19:47 - [MESSAGE][PASSED] - Text ****** has been set on object 'Object Repository/01-Login and Forgot Password/input_Email_password'

2023-07-31 20:19:47 - [TEST_STEP][PASSED] - delay(delay_2seconds): Delayed 2 second(s)

2023-07-31 20:19:49 - [MESSAGE][PASSED] - Delayed 2 second(s)

2023-07-31 20:19:49 - [TEST_STEP][PASSED] - click(findTestObject("01-Login and Forgot Password/show pass button")): Object: 'Object Repository/01-Login and Forgot Password/show pass button' is clicked on

2023-07-31 20:19:49 - [MESSAGE][PASSED] - Object: 'Object Repository/01-Login and Forgot Password/show pass button' is clicked on

2023-07-31 20:19:49 - [TEST_STEP][PASSED] - delay(delay_3seconds): Delayed 3 second(s)

2023-07-31 20:19:52 - [MESSAGE][PASSED] - Delayed 3 second(s)

2023-07-31 20:19:52 - [TEST_STEP][PASSED] - click(findTestObject("01-Login and Forgot Password/button_Sign in")): Object: 'Object Repository/01-Login and Forgot Password/button_Sign in' is clicked on

2023-07-31 20:19:53 - [MESSAGE][PASSED] - Object: 'Object Repository/01-Login and Forgot Password/button_Sign in' is clicked on

2023-07-31 20:19:53 - [TEST_STEP][PASSED] - delay(delay_3seconds): Delayed 3 second(s)

2023-07-31 20:19:56 - [MESSAGE][PASSED] - Delayed 3 second(s)

2023-07-31 20:19:56 - [TEST_STEP][PASSED] - executeJavaScript("window.open();", []): Execute JavaScript 'window.open();' successfully

2023-07-31 20:19:56 - [MESSAGE][PASSED] - Execute JavaScript 'window.open();' successfully

2023-07-31 20:19:56 - [TEST_STEP][PASSED] - currentWindow = getWindowIndex(): Current window's index is: 0

2023-07-31 20:19:56 - [MESSAGE][PASSED] - Current window's index is: 0

2023-07-31 20:19:56 - [TEST_STEP][PASSED] - delay(delay_3seconds): Delayed 3 second(s)

2023-07-31 20:19:59 - [MESSAGE][PASSED] - Delayed 3 second(s)

2023-07-31 20:19:59 - [TEST_STEP][PASSED] - switchToWindowIndex(currentWindow + 1): Switched to window with index: '1'

2023-07-31 20:19:59 - [MESSAGE][PASSED] - Switched to window with index: '1'

2023-07-31 20:19:59 - [TEST_STEP][PASSED] - navigateToUrl(app_mailinator): Navigate to 'https://www.mailinator.com/' successfully

2023-07-31 20:20:07 - [MESSAGE][PASSED] - Navigate to 'https://www.mailinator.com/' successfully

2023-07-31 20:20:07 - [TEST_STEP][PASSED] - delay(delay_3seconds): Delayed 3 second(s)

2023-07-31 20:20:10 - [MESSAGE][PASSED] - Delayed 3 second(s)

2023-07-31 20:20:10 - [TEST_STEP][PASSED] - setText(findTestObject("00-Signup and Activation/zMailinator/input_LOGIN_search"), email_for_searchmailinator_testuser05): Text 'testuser005@mailinator.com' is set on object 'Object Repository/00-Signup and Activation/zMailinator/input_LOGIN_search'

2023-07-31 20:20:11 - [MESSAGE][PASSED] - Text 'testuser005@mailinator.com' is set on object 'Object Repository/00-Signup and Activation/zMailinator/input_LOGIN_search'

2023-07-31 20:20:11 - [TEST_STEP][PASSED] - click(findTestObject("00-Signup and Activation/zMailinator/gobutton"), STOP_ON_FAILURE): Object: 'Object Repository/00-Signup and Activation/zMailinator/gobutton' is clicked on

2023-07-31 20:20:12 - [MESSAGE][PASSED] - Object: 'Object Repository/00-Signup and Activation/zMailinator/gobutton' is clicked on

2023-07-31 20:20:12 - [TEST_STEP][PASSED] - delay(delay_10seconds): Delayed 10 second(s)

2023-07-31 20:20:22 - [MESSAGE][PASSED] - Delayed 10 second(s)

2023-07-31 20:20:22 - [TEST_STEP][PASSED] - click(findTestObject("00-Signup and Activation/zMailinator/Email - everleagues")): Object: 'Object Repository/00-Signup and Activation/zMailinator/Email - everleagues' is clicked on

2023-07-31 20:20:22 - [MESSAGE][PASSED] - Object: 'Object Repository/00-Signup and Activation/zMailinator/Email - everleagues' is clicked on

2023-07-31 20:20:22 - [TEST_STEP][PASSED] - delay(delay_5seconds): Delayed 5 second(s)

2023-07-31 20:20:27 - [MESSAGE][PASSED] - Delayed 5 second(s)

2023-07-31 20:20:27 - [TEST_STEP][PASSED] - code = getText(findTestObject("Object Repository/06-Teams/For 2FA/2FA code")): Text of object 'Object Repository/06-Teams/For 2FA/2FA code' is: '209724'

2023-07-31 20:20:28 - [MESSAGE][PASSED] - Text of object 'Object Repository/06-Teams/For 2FA/2FA code' is: '209724'

2023-07-31 20:20:28 - [TEST_STEP][PASSED] - delay(delay_3seconds): Delayed 3 second(s)

2023-07-31 20:20:31 - [MESSAGE][PASSED] - Delayed 3 second(s)

2023-07-31 20:20:31 - [TEST_STEP][PASSED] - closeWindowTitle("Mailinator"): Window with title: 'Mailinator' is closed

2023-07-31 20:20:31 - [MESSAGE][PASSED] - Window with title: 'Mailinator' is closed

2023-07-31 20:20:31 - [TEST_STEP][PASSED] - delay(delay_5seconds): Delayed 5 second(s)

2023-07-31 20:20:36 - [MESSAGE][PASSED] - Delayed 5 second(s)

2023-07-31 20:20:36 - [TEST_STEP][PASSED] - switchToWindowIndex(0): Switched to window with index: '0'

2023-07-31 20:20:36 - [MESSAGE][PASSED] - Switched to window with index: '0'

2023-07-31 20:20:36 - [TEST_STEP][PASSED] - delay(delay_3seconds): Delayed 3 second(s)

2023-07-31 20:20:39 - [MESSAGE][PASSED] - Delayed 3 second(s)

2023-07-31 20:20:39 - [TEST_STEP][PASSED] - setText(findTestObject("Object Repository/06-Teams/For 2FA/input_Enter verification code_code"), code): Text '209724' is set on object 'Object Repository/06-Teams/For 2FA/input_Enter verification code_code'

2023-07-31 20:20:39 - [MESSAGE][PASSED] - Text '209724' is set on object 'Object Repository/06-Teams/For 2FA/input_Enter verification code_code'

2023-07-31 20:20:39 - [TEST_STEP][PASSED] - delay(delay_3seconds): Delayed 3 second(s)

2023-07-31 20:20:42 - [MESSAGE][PASSED] - Delayed 3 second(s)

2023-07-31 20:20:42 - [TEST_STEP][PASSED] - click(findTestObject("06-Teams/For 2FA/button_Verify_2FA")): Object: 'Object Repository/06-Teams/For 2FA/button_Verify_2FA' is clicked on

2023-07-31 20:20:43 - [MESSAGE][PASSED] - Object: 'Object Repository/06-Teams/For 2FA/button_Verify_2FA' is clicked on

2023-07-31 20:20:43 - [TEST_STEP][PASSED] - delay(delay_3seconds): Delayed 3 second(s)

2023-07-31 20:20:46 - [MESSAGE][PASSED] - Delayed 3 second(s)

2023-07-31 20:20:46 - [MESSAGE][PASSED] - Call Test Case 'Test Cases/01-Login and Forgot Password/04-Login(Valid Credentials-With Subscription)' successfully

2023-07-31 20:20:46 - [TEST_STEP][PASSED] - click(findTestObject("06-Teams/button_doublearrow")): Object: 'Object Repository/06-Teams/button_doublearrow' is clicked on

2023-07-31 20:20:48 - [MESSAGE][PASSED] - Object: 'Object Repository/06-Teams/button_doublearrow' is clicked on

2023-07-31 20:20:48 - [TEST_STEP][PASSED] - click(findTestObject("06-Teams/button_My Organizations")): Object: 'Object Repository/06-Teams/button_My Organizations' is clicked on

2023-07-31 20:20:49 - [MESSAGE][PASSED] - Object: 'Object Repository/06-Teams/button_My Organizations' is clicked on

2023-07-31 20:20:49 - [TEST_STEP][PASSED] - click(findTestObject("02-Side Icons(Organization)/Add Contact/button_Automation Test Org")): Object: 'Object Repository/02-Side Icons(Organization)/Add Contact/button_Automation Test Org' is clicked on

2023-07-31 20:20:50 - [MESSAGE][PASSED] - Object: 'Object Repository/02-Side Icons(Organization)/Add Contact/button_Automation Test Org' is clicked on

2023-07-31 20:20:50 - [TEST_STEP][PASSED] - delay(delay_4seconds): Delayed 4 second(s)

2023-07-31 20:20:54 - [MESSAGE][PASSED] - Delayed 4 second(s)

2023-07-31 20:20:54 - [TEST_STEP][PASSED] - verifyElementVisible(findTestObject("02-Side Icons(Organization)/Add Contact/span_Automation Test Org")): Object 'Object Repository/02-Side Icons(Organization)/Add Contact/span_Automation Test Org' is visible

2023-07-31 20:20:55 - [MESSAGE][PASSED] - Object 'Object Repository/02-Side Icons(Organization)/Add Contact/span_Automation Test Org' is visible

2023-07-31 20:20:55 - [TEST_STEP][PASSED] - delay(delay_5seconds): Delayed 5 second(s)

2023-07-31 20:21:00 - [MESSAGE][PASSED] - Delayed 5 second(s)

2023-07-31 20:21:00 - [TEST_STEP][PASSED] - scrollToElement(findTestObject("03-Header Menu/Hamburger Button/div_Income and Expense"), 0): Scroll to object 'Object Repository/03-Header Menu/Hamburger Button/div_Income and Expense' successfully

2023-07-31 20:21:00 - [MESSAGE][WARNING] - Timeout '0' is invalid. Using default page load timeout: '30'

2023-07-31 20:21:00 - [MESSAGE][PASSED] - Scroll to object 'Object Repository/03-Header Menu/Hamburger Button/div_Income and Expense' successfully

2023-07-31 20:21:00 - [TEST_STEP][PASSED] - click(findTestObject("03-Header Menu/Hamburger Button/div_Income and Expense")): Object: 'Object Repository/03-Header Menu/Hamburger Button/div_Income and Expense' is clicked on

2023-07-31 20:21:01 - [MESSAGE][PASSED] - Object: 'Object Repository/03-Header Menu/Hamburger Button/div_Income and Expense' is clicked on

2023-07-31 20:21:01 - [TEST_STEP][PASSED] - verifyElementVisible(findTestObject("14-Income and Expense/div_IncomeAndExpense Tracker")): Object 'Object Repository/14-Income and Expense/div_IncomeAndExpense Tracker' is visible

2023-07-31 20:21:09 - [MESSAGE][PASSED] - Object 'Object Repository/14-Income and Expense/div_IncomeAndExpense Tracker' is visible

2023-07-31 20:21:09 - [TEST_STEP][PASSED] - verifyElementVisible(findTestObject("14-Income and Expense/th_Income  Expense Tracker")): Object 'Object Repository/14-Income and Expense/th_Income  Expense Tracker' is visible

2023-07-31 20:21:09 - [MESSAGE][PASSED] - Object 'Object Repository/14-Income and Expense/th_Income  Expense Tracker' is visible

2023-07-31 20:21:09 - [TEST_STEP][PASSED] - delay(delay_3seconds): Delayed 3 second(s)

2023-07-31 20:21:12 - [MESSAGE][PASSED] - Delayed 3 second(s)

2023-07-31 20:21:12 - [TEST_STEP][PASSED] - click(findTestObject("14-Income and Expense/button_ADD COMPANY")): Object: 'Object Repository/14-Income and Expense/button_ADD COMPANY' is clicked on

2023-07-31 20:21:13 - [MESSAGE][PASSED] - Object: 'Object Repository/14-Income and Expense/button_ADD COMPANY' is clicked on

2023-07-31 20:21:13 - [TEST_STEP][PASSED] - click(findTestObject("14-Income and Expense/mat-icon_clear")): Object: 'Object Repository/14-Income and Expense/mat-icon_clear' is clicked on

2023-07-31 20:21:22 - [MESSAGE][PASSED] - Object: 'Object Repository/14-Income and Expense/mat-icon_clear' is clicked on

2023-07-31 20:21:22 - [TEST_STEP][PASSED] - delay(delay_3seconds): Delayed 3 second(s)

2023-07-31 20:21:26 - [MESSAGE][PASSED] - Delayed 3 second(s)

2023-07-31 20:21:26 - [TEST_STEP][PASSED] - click(findTestObject("14-Income and Expense/button_ADD COMPANY")): Object: 'Object Repository/14-Income and Expense/button_ADD COMPANY' is clicked on

2023-07-31 20:21:26 - [MESSAGE][PASSED] - Object: 'Object Repository/14-Income and Expense/button_ADD COMPANY' is clicked on

2023-07-31 20:21:26 - [TEST_STEP][PASSED] - verifyElementVisible(findTestObject("14-Income and Expense/mat-dialog-container_Add CompanyModal")): Object 'Object Repository/14-Income and Expense/mat-dialog-container_Add CompanyModal' is visible

2023-07-31 20:21:27 - [MESSAGE][PASSED] - Object 'Object Repository/14-Income and Expense/mat-dialog-container_Add CompanyModal' is visible

2023-07-31 20:21:27 - [TEST_STEP][PASSED] - click(findTestObject("14-Income and Expense/input_CompanyName")): Object: 'Object Repository/14-Income and Expense/input_CompanyName' is clicked on

2023-07-31 20:21:27 - [MESSAGE][PASSED] - Object: 'Object Repository/14-Income and Expense/input_CompanyName' is clicked on

2023-07-31 20:21:27 - [TEST_STEP][PASSED] - click(findTestObject("14-Income and Expense/dropdown_CompanyType")): Object: 'Object Repository/14-Income and Expense/dropdown_CompanyType' is clicked on

2023-07-31 20:21:27 - [MESSAGE][PASSED] - Object: 'Object Repository/14-Income and Expense/dropdown_CompanyType' is clicked on

2023-07-31 20:21:27 - [TEST_STEP][PASSED] - doubleClick(findTestObject("14-Income and Expense/input_CompanyName")): Object: 'Object Repository/14-Income and Expense/input_CompanyName' is double clicked on

2023-07-31 20:21:28 - [MESSAGE][PASSED] - Object: 'Object Repository/14-Income and Expense/input_CompanyName' is double clicked on

2023-07-31 20:21:28 - [TEST_STEP][PASSED] - click(findTestObject("14-Income and Expense/dropdown_ChoosingDate")): Object: 'Object Repository/14-Income and Expense/dropdown_ChoosingDate' is clicked on

2023-07-31 20:21:29 - [MESSAGE][PASSED] - Object: 'Object Repository/14-Income and Expense/dropdown_ChoosingDate' is clicked on

2023-07-31 20:21:29 - [TEST_STEP][PASSED] - doubleClick(findTestObject("14-Income and Expense/mat-icon_account")): Object: 'Object Repository/14-Income and Expense/mat-icon_account' is double clicked on

2023-07-31 20:21:30 - [MESSAGE][PASSED] - Object: 'Object Repository/14-Income and Expense/mat-icon_account' is double clicked on

2023-07-31 20:21:30 - [TEST_STEP][PASSED] - click(findTestObject("14-Income and Expense/input_CompanyName")): Object: 'Object Repository/14-Income and Expense/input_CompanyName' is clicked on

2023-07-31 20:21:31 - [MESSAGE][PASSED] - Object: 'Object Repository/14-Income and Expense/input_CompanyName' is clicked on

2023-07-31 20:21:31 - [TEST_STEP][PASSED] - verifyElementVisible(findTestObject("14-Income and Expense/mat-error_Company name is required")): Object 'Object Repository/14-Income and Expense/mat-error_Company name is required' is visible

2023-07-31 20:21:31 - [MESSAGE][PASSED] - Object 'Object Repository/14-Income and Expense/mat-error_Company name is required' is visible

2023-07-31 20:21:31 - [TEST_STEP][PASSED] - verifyElementVisible(findTestObject("14-Income and Expense/mat-error_Company type is required")): Object 'Object Repository/14-Income and Expense/mat-error_Company type is required' is visible

2023-07-31 20:21:31 - [MESSAGE][PASSED] - Object 'Object Repository/14-Income and Expense/mat-error_Company type is required' is visible

2023-07-31 20:21:31 - [TEST_STEP][PASSED] - verifyElementNotClickable(findTestObject("14-Income and Expense/button_BEGIN")): Object 'Object Repository/14-Income and Expense/button_BEGIN' is NOT clickable

2023-07-31 20:21:32 - [MESSAGE][PASSED] - Object 'Object Repository/14-Income and Expense/button_BEGIN' is NOT clickable

2023-07-31 20:21:32 - [TEST_STEP][PASSED] - delay(delay_3seconds): Delayed 3 second(s)

2023-07-31 20:21:35 - [MESSAGE][PASSED] - Delayed 3 second(s)]]></system-out>
         <system-err><![CDATA[]]></system-err>
      </testcase>
      <testcase name="Test Cases/14-Income and Expense/02-Add Company (fill out required field)" time="8.619" classname="Test Cases/14-Income and Expense/02-Add Company (fill out required field)" status="PASSED">
         <system-out><![CDATA[2023-07-31 20:21:35 - [TEST_CASE][PASSED] - Test Cases/14-Income and Expense/02-Add Company (fill out required field): Test Cases/14-Income and Expense/02-Add Company (fill out required field)

2023-07-31 20:21:35 - [TEST_STEP][PASSED] - setText(findTestObject("14-Income and Expense/input_CompanyName"), company_name): Text 'Automation Company' is set on object 'Object Repository/14-Income and Expense/input_CompanyName'

2023-07-31 20:21:36 - [MESSAGE][PASSED] - Text 'Automation Company' is set on object 'Object Repository/14-Income and Expense/input_CompanyName'

2023-07-31 20:21:36 - [TEST_STEP][PASSED] - click(findTestObject("14-Income and Expense/dropdown_CompanyType")): Object: 'Object Repository/14-Income and Expense/dropdown_CompanyType' is clicked on

2023-07-31 20:21:36 - [MESSAGE][PASSED] - Object: 'Object Repository/14-Income and Expense/dropdown_CompanyType' is clicked on

2023-07-31 20:21:36 - [TEST_STEP][PASSED] - click(findTestObject("14-Income and Expense/mat-option_Consulting")): Object: 'Object Repository/14-Income and Expense/mat-option_Consulting' is clicked on

2023-07-31 20:21:37 - [MESSAGE][PASSED] - Object: 'Object Repository/14-Income and Expense/mat-option_Consulting' is clicked on

2023-07-31 20:21:37 - [TEST_STEP][PASSED] - click(findTestObject("14-Income and Expense/dropdown_ChoosingDate")): Object: 'Object Repository/14-Income and Expense/dropdown_ChoosingDate' is clicked on

2023-07-31 20:21:37 - [MESSAGE][PASSED] - Object: 'Object Repository/14-Income and Expense/dropdown_ChoosingDate' is clicked on

2023-07-31 20:21:37 - [TEST_STEP][PASSED] - click(findTestObject("14-Income and Expense/mat-option_End of September")): Object: 'Object Repository/14-Income and Expense/mat-option_End of September' is clicked on

2023-07-31 20:21:38 - [MESSAGE][PASSED] - Object: 'Object Repository/14-Income and Expense/mat-option_End of September' is clicked on

2023-07-31 20:21:38 - [TEST_STEP][PASSED] - click(findTestObject("14-Income and Expense/mat-icon_account")): Object: 'Object Repository/14-Income and Expense/mat-icon_account' is clicked on

2023-07-31 20:21:39 - [MESSAGE][PASSED] - Object: 'Object Repository/14-Income and Expense/mat-icon_account' is clicked on

2023-07-31 20:21:39 - [TEST_STEP][PASSED] - click(findTestObject("14-Income and Expense/mat-option_GG TESTER")): Object: 'Object Repository/14-Income and Expense/mat-option_GG TESTER' is clicked on

2023-07-31 20:21:39 - [MESSAGE][PASSED] - Object: 'Object Repository/14-Income and Expense/mat-option_GG TESTER' is clicked on

2023-07-31 20:21:39 - [TEST_STEP][PASSED] - delay(delay_1second): Delayed 1 second(s)

2023-07-31 20:21:40 - [MESSAGE][PASSED] - Delayed 1 second(s)

2023-07-31 20:21:40 - [TEST_STEP][PASSED] - click(findTestObject("14-Income and Expense/button_BEGIN")): Object: 'Object Repository/14-Income and Expense/button_BEGIN' is clicked on

2023-07-31 20:21:40 - [MESSAGE][PASSED] - Object: 'Object Repository/14-Income and Expense/button_BEGIN' is clicked on

2023-07-31 20:21:40 - [TEST_STEP][PASSED] - delay(delay_3seconds): Delayed 3 second(s)

2023-07-31 20:21:43 - [MESSAGE][PASSED] - Delayed 3 second(s)]]></system-out>
         <system-err><![CDATA[]]></system-err>
      </testcase>
      <testcase name="Test Cases/14-Income and Expense/03-Add receipt (required field is blank)" time="14.875" classname="Test Cases/14-Income and Expense/03-Add receipt (required field is blank)" status="PASSED">
         <system-out><![CDATA[2023-07-31 20:21:43 - [TEST_CASE][PASSED] - Test Cases/14-Income and Expense/03-Add receipt (required field is blank): Test Cases/14-Income and Expense/03-Add receipt (required field is blank)

2023-07-31 20:21:44 - [TEST_STEP][PASSED] - click(findTestObject("14-Income and Expense/button_addReceipt")): Object: 'Object Repository/14-Income and Expense/button_addReceipt' is clicked on

2023-07-31 20:21:44 - [MESSAGE][PASSED] - Object: 'Object Repository/14-Income and Expense/button_addReceipt' is clicked on

2023-07-31 20:21:44 - [TEST_STEP][PASSED] - click(findTestObject("14-Income and Expense/mat-icon_clear")): Object: 'Object Repository/14-Income and Expense/mat-icon_clear' is clicked on

2023-07-31 20:21:45 - [MESSAGE][PASSED] - Object: 'Object Repository/14-Income and Expense/mat-icon_clear' is clicked on

2023-07-31 20:21:45 - [TEST_STEP][PASSED] - delay(delay_3seconds): Delayed 3 second(s)

2023-07-31 20:21:48 - [MESSAGE][PASSED] - Delayed 3 second(s)

2023-07-31 20:21:48 - [TEST_STEP][PASSED] - click(findTestObject("14-Income and Expense/button_addReceipt")): Object: 'Object Repository/14-Income and Expense/button_addReceipt' is clicked on

2023-07-31 20:21:49 - [MESSAGE][PASSED] - Object: 'Object Repository/14-Income and Expense/button_addReceipt' is clicked on

2023-07-31 20:21:49 - [TEST_STEP][PASSED] - verifyElementVisible(findTestObject("14-Income and Expense/mat-dialog-container_Add ReceiptModal")): Object 'Object Repository/14-Income and Expense/mat-dialog-container_Add ReceiptModal' is visible

2023-07-31 20:21:50 - [MESSAGE][PASSED] - Object 'Object Repository/14-Income and Expense/mat-dialog-container_Add ReceiptModal' is visible

2023-07-31 20:21:50 - [TEST_STEP][PASSED] - click(findTestObject("14-Income and Expense/input_VendorName")): Object: 'Object Repository/14-Income and Expense/input_VendorName' is clicked on

2023-07-31 20:21:50 - [MESSAGE][PASSED] - Object: 'Object Repository/14-Income and Expense/input_VendorName' is clicked on

2023-07-31 20:21:50 - [TEST_STEP][PASSED] - sendKeys(findTestObject("14-Income and Expense/input_VendorName"), Keys.chord(ESCAPE)): Keys 'ESCAPE + ' sent to object: 'Object Repository/14-Income and Expense/input_VendorName'

2023-07-31 20:21:50 - [MESSAGE][PASSED] - Keys 'ESCAPE + ' sent to object: 'Object Repository/14-Income and Expense/input_VendorName'

2023-07-31 20:21:50 - [TEST_STEP][PASSED] - click(findTestObject("14-Income and Expense/input_AccountType")): Object: 'Object Repository/14-Income and Expense/input_AccountType' is clicked on

2023-07-31 20:21:51 - [MESSAGE][PASSED] - Object: 'Object Repository/14-Income and Expense/input_AccountType' is clicked on

2023-07-31 20:21:51 - [TEST_STEP][PASSED] - doubleClick(findTestObject("14-Income and Expense/input_VendorName")): Object: 'Object Repository/14-Income and Expense/input_VendorName' is double clicked on

2023-07-31 20:21:52 - [MESSAGE][PASSED] - Object: 'Object Repository/14-Income and Expense/input_VendorName' is double clicked on

2023-07-31 20:21:52 - [TEST_STEP][PASSED] - click(findTestObject("14-Income and Expense/input_Amount")): Object: 'Object Repository/14-Income and Expense/input_Amount' is clicked on

2023-07-31 20:21:52 - [MESSAGE][PASSED] - Object: 'Object Repository/14-Income and Expense/input_Amount' is clicked on

2023-07-31 20:21:52 - [TEST_STEP][PASSED] - click(findTestObject("14-Income and Expense/input_VendorName")): Object: 'Object Repository/14-Income and Expense/input_VendorName' is clicked on

2023-07-31 20:21:53 - [MESSAGE][PASSED] - Object: 'Object Repository/14-Income and Expense/input_VendorName' is clicked on

2023-07-31 20:21:53 - [TEST_STEP][PASSED] - sendKeys(findTestObject("14-Income and Expense/input_VendorName"), Keys.chord(ESCAPE)): Keys 'ESCAPE + ' sent to object: 'Object Repository/14-Income and Expense/input_VendorName'

2023-07-31 20:21:53 - [MESSAGE][PASSED] - Keys 'ESCAPE + ' sent to object: 'Object Repository/14-Income and Expense/input_VendorName'

2023-07-31 20:21:53 - [TEST_STEP][PASSED] - verifyElementVisible(findTestObject("14-Income and Expense/mat-error_Vendor name is required")): Object 'Object Repository/14-Income and Expense/mat-error_Vendor name is required' is visible

2023-07-31 20:21:54 - [MESSAGE][PASSED] - Object 'Object Repository/14-Income and Expense/mat-error_Vendor name is required' is visible

2023-07-31 20:21:54 - [TEST_STEP][PASSED] - verifyElementVisible(findTestObject("14-Income and Expense/mat-error_account type is required")): Object 'Object Repository/14-Income and Expense/mat-error_account type is required' is visible

2023-07-31 20:21:54 - [MESSAGE][PASSED] - Object 'Object Repository/14-Income and Expense/mat-error_account type is required' is visible

2023-07-31 20:21:54 - [TEST_STEP][PASSED] - verifyElementVisible(findTestObject("14-Income and Expense/mat-error_Receipt amount is required")): Object 'Object Repository/14-Income and Expense/mat-error_Receipt amount is required' is visible

2023-07-31 20:21:54 - [MESSAGE][PASSED] - Object 'Object Repository/14-Income and Expense/mat-error_Receipt amount is required' is visible

2023-07-31 20:21:54 - [TEST_STEP][PASSED] - verifyElementVisible(findTestObject("14-Income and Expense/mat-hint_Required")): Object 'Object Repository/14-Income and Expense/mat-hint_Required' is visible

2023-07-31 20:21:55 - [MESSAGE][PASSED] - Object 'Object Repository/14-Income and Expense/mat-hint_Required' is visible

2023-07-31 20:21:55 - [TEST_STEP][PASSED] - scrollToElement(findTestObject("14-Income and Expense/button_Done"), 0): Scroll to object 'Object Repository/14-Income and Expense/button_Done' successfully

2023-07-31 20:21:55 - [MESSAGE][WARNING] - Timeout '0' is invalid. Using default page load timeout: '30'

2023-07-31 20:21:55 - [MESSAGE][PASSED] - Scroll to object 'Object Repository/14-Income and Expense/button_Done' successfully

2023-07-31 20:21:55 - [TEST_STEP][PASSED] - verifyElementNotClickable(findTestObject("14-Income and Expense/button_Done")): Object 'Object Repository/14-Income and Expense/button_Done' is NOT clickable

2023-07-31 20:21:55 - [MESSAGE][PASSED] - Object 'Object Repository/14-Income and Expense/button_Done' is NOT clickable

2023-07-31 20:21:55 - [TEST_STEP][PASSED] - delay(delay_3seconds): Delayed 3 second(s)

2023-07-31 20:21:58 - [MESSAGE][PASSED] - Delayed 3 second(s)]]></system-out>
         <system-err><![CDATA[]]></system-err>
      </testcase>
      <testcase name="Test Cases/14-Income and Expense/04-Add Receipt (Amount is less than 0)" time="4.823" classname="Test Cases/14-Income and Expense/04-Add Receipt (Amount is less than 0)" status="PASSED">
         <system-out><![CDATA[2023-07-31 20:21:58 - [TEST_CASE][PASSED] - Test Cases/14-Income and Expense/04-Add Receipt (Amount is less than 0): Test Cases/14-Income and Expense/04-Add Receipt (Amount is less than 0)

2023-07-31 20:21:59 - [TEST_STEP][PASSED] - setText(findTestObject("14-Income and Expense/input_Amount"), "-9"): Text '-9' is set on object 'Object Repository/14-Income and Expense/input_Amount'

2023-07-31 20:21:59 - [MESSAGE][PASSED] - Text '-9' is set on object 'Object Repository/14-Income and Expense/input_Amount'

2023-07-31 20:21:59 - [TEST_STEP][PASSED] - click(findTestObject("14-Income and Expense/input_VendorName")): Object: 'Object Repository/14-Income and Expense/input_VendorName' is clicked on

2023-07-31 20:22:00 - [MESSAGE][PASSED] - Object: 'Object Repository/14-Income and Expense/input_VendorName' is clicked on

2023-07-31 20:22:00 - [TEST_STEP][PASSED] - verifyElementVisible(findTestObject("14-Income and Expense/mat-error_Receipt amount should be greater than 0")): Object 'Object Repository/14-Income and Expense/mat-error_Receipt amount should be greater than 0' is visible

2023-07-31 20:22:00 - [MESSAGE][PASSED] - Object 'Object Repository/14-Income and Expense/mat-error_Receipt amount should be greater than 0' is visible

2023-07-31 20:22:00 - [TEST_STEP][PASSED] - delay(delay_3seconds): Delayed 3 second(s)

2023-07-31 20:22:03 - [MESSAGE][PASSED] - Delayed 3 second(s)]]></system-out>
         <system-err><![CDATA[]]></system-err>
      </testcase>
      <testcase name="Test Cases/14-Income and Expense/05-Add receipt (fill out required field)" time="13.223" classname="Test Cases/14-Income and Expense/05-Add receipt (fill out required field)" status="PASSED">
         <system-out><![CDATA[2023-07-31 20:22:03 - [TEST_CASE][PASSED] - Test Cases/14-Income and Expense/05-Add receipt (fill out required field): Test Cases/14-Income and Expense/05-Add receipt (fill out required field)

2023-07-31 20:22:03 - [TEST_STEP][PASSED] - setText(findTestObject("14-Income and Expense/input_VendorName"), vendor_name): Text 'GG Automation' is set on object 'Object Repository/14-Income and Expense/input_VendorName'

2023-07-31 20:22:04 - [MESSAGE][PASSED] - Text 'GG Automation' is set on object 'Object Repository/14-Income and Expense/input_VendorName'

2023-07-31 20:22:04 - [TEST_STEP][PASSED] - click(findTestObject("14-Income and Expense/input_AccountType")): Object: 'Object Repository/14-Income and Expense/input_AccountType' is clicked on

2023-07-31 20:22:06 - [MESSAGE][PASSED] - Object: 'Object Repository/14-Income and Expense/input_AccountType' is clicked on

2023-07-31 20:22:06 - [TEST_STEP][PASSED] - click(findTestObject("14-Income and Expense/mat-option_5090-Other income")): Object: 'Object Repository/14-Income and Expense/mat-option_5090-Other income' is clicked on

2023-07-31 20:22:06 - [MESSAGE][PASSED] - Object: 'Object Repository/14-Income and Expense/mat-option_5090-Other income' is clicked on

2023-07-31 20:22:06 - [TEST_STEP][PASSED] - click(findTestObject("14-Income and Expense/button_Receipt Date")): Object: 'Object Repository/14-Income and Expense/button_Receipt Date' is clicked on

2023-07-31 20:22:07 - [MESSAGE][PASSED] - Object: 'Object Repository/14-Income and Expense/button_Receipt Date' is clicked on

2023-07-31 20:22:07 - [TEST_STEP][PASSED] - clickOffset(findTestObject("14-Income and Expense/button_Receipt Date"), 10, 10): Object: 'Object Repository/14-Income and Expense/button_Receipt Date' is clicked on using offset x=10 and y=10

2023-07-31 20:22:07 - [MESSAGE][PASSED] - Object: 'Object Repository/14-Income and Expense/button_Receipt Date' is clicked on using offset x=10 and y=10

2023-07-31 20:22:07 - [TEST_STEP][PASSED] - setText(findTestObject("14-Income and Expense/input_Amount"), "30000"): Text '30000' is set on object 'Object Repository/14-Income and Expense/input_Amount'

2023-07-31 20:22:09 - [MESSAGE][PASSED] - Text '30000' is set on object 'Object Repository/14-Income and Expense/input_Amount'

2023-07-31 20:22:09 - [TEST_STEP][PASSED] - setText(findTestObject("14-Income and Expense/input_AddANote"), "Receipt Note"): Text 'Receipt Note' is set on object 'Object Repository/14-Income and Expense/input_AddANote'

2023-07-31 20:22:09 - [MESSAGE][PASSED] - Text 'Receipt Note' is set on object 'Object Repository/14-Income and Expense/input_AddANote'

2023-07-31 20:22:09 - [TEST_STEP][PASSED] - uploadpackage.Upload.uploadFile(findTestObject("Object Repository/14-Income and Expense/div_Required_uploadfilecontainer"), upload_pdf_file): uploadpackage.Upload.uploadFile is PASSED

2023-07-31 20:22:10 - [MESSAGE][PASSED] - Object: 'Object Repository/14-Income and Expense/div_Required_uploadfilecontainer' is clicked on

2023-07-31 20:22:10 - [MESSAGE][PASSED] - uploadpackage.Upload.uploadFile is PASSED

2023-07-31 20:22:10 - [TEST_STEP][PASSED] - delay(delay_3seconds): Delayed 3 second(s)

2023-07-31 20:22:13 - [MESSAGE][PASSED] - Delayed 3 second(s)

2023-07-31 20:22:13 - [TEST_STEP][PASSED] - click(findTestObject("14-Income and Expense/button_Done")): Object: 'Object Repository/14-Income and Expense/button_Done' is clicked on

2023-07-31 20:22:13 - [MESSAGE][PASSED] - Object: 'Object Repository/14-Income and Expense/button_Done' is clicked on

2023-07-31 20:22:13 - [TEST_STEP][PASSED] - delay(delay_3seconds): Delayed 3 second(s)

2023-07-31 20:22:16 - [MESSAGE][PASSED] - Delayed 3 second(s)]]></system-out>
         <system-err><![CDATA[]]></system-err>
      </testcase>
      <testcase name="Test Cases/14-Income and Expense/06-Update report - Select Fiscal Year" time="9.977" classname="Test Cases/14-Income and Expense/06-Update report - Select Fiscal Year" status="PASSED">
         <system-out><![CDATA[2023-07-31 20:22:16 - [TEST_CASE][PASSED] - Test Cases/14-Income and Expense/06-Update report - Select Fiscal Year: Test Cases/14-Income and Expense/06-Update report - Select Fiscal Year

2023-07-31 20:22:17 - [TEST_STEP][PASSED] - click(findTestObject("14-Income and Expense/button_UPDATE")): Object: 'Object Repository/14-Income and Expense/button_UPDATE' is clicked on

2023-07-31 20:22:17 - [MESSAGE][PASSED] - Object: 'Object Repository/14-Income and Expense/button_UPDATE' is clicked on

2023-07-31 20:22:17 - [TEST_STEP][PASSED] - verifyElementVisible(findTestObject("14-Income and Expense/h6-Automation Company")): Object 'Object Repository/14-Income and Expense/h6-Automation Company' is visible

2023-07-31 20:22:18 - [MESSAGE][PASSED] - Object 'Object Repository/14-Income and Expense/h6-Automation Company' is visible

2023-07-31 20:22:18 - [TEST_STEP][PASSED] - click(findTestObject("14-Income and Expense/button_BACK")): Object: 'Object Repository/14-Income and Expense/button_BACK' is clicked on

2023-07-31 20:22:19 - [MESSAGE][PASSED] - Object: 'Object Repository/14-Income and Expense/button_BACK' is clicked on

2023-07-31 20:22:19 - [TEST_STEP][PASSED] - delay(delay_2seconds): Delayed 2 second(s)

2023-07-31 20:22:21 - [MESSAGE][PASSED] - Delayed 2 second(s)

2023-07-31 20:22:21 - [TEST_STEP][PASSED] - click(findTestObject("14-Income and Expense/button_insert_chart_outlinedUPDATE")): Object: 'Object Repository/14-Income and Expense/button_insert_chart_outlinedUPDATE' is clicked on

2023-07-31 20:22:21 - [MESSAGE][PASSED] - Object: 'Object Repository/14-Income and Expense/button_insert_chart_outlinedUPDATE' is clicked on

2023-07-31 20:22:21 - [TEST_STEP][PASSED] - click(findTestObject("14-Income and Expense/div_Select Fiscal Year")): Object: 'Object Repository/14-Income and Expense/div_Select Fiscal Year' is clicked on

2023-07-31 20:22:23 - [MESSAGE][PASSED] - Object: 'Object Repository/14-Income and Expense/div_Select Fiscal Year' is clicked on

2023-07-31 20:22:23 - [TEST_STEP][PASSED] - click(findTestObject("14-Income and Expense/mat-option_92023")): Object: 'Object Repository/14-Income and Expense/mat-option_92023' is clicked on

2023-07-31 20:22:23 - [MESSAGE][PASSED] - Object: 'Object Repository/14-Income and Expense/mat-option_92023' is clicked on

2023-07-31 20:22:23 - [TEST_STEP][PASSED] - delay(delay_3seconds): Delayed 3 second(s)

2023-07-31 20:22:26 - [MESSAGE][PASSED] - Delayed 3 second(s)]]></system-out>
         <system-err><![CDATA[]]></system-err>
      </testcase>
      <testcase name="Test Cases/14-Income and Expense/07-Update report - Download As" time="9.412" classname="Test Cases/14-Income and Expense/07-Update report - Download As" status="PASSED">
         <system-out><![CDATA[2023-07-31 20:22:26 - [TEST_CASE][PASSED] - Test Cases/14-Income and Expense/07-Update report - Download As: Test Cases/14-Income and Expense/07-Update report - Download As

2023-07-31 20:22:27 - [TEST_STEP][PASSED] - click(findTestObject("14-Income and Expense/div_Download As")): Object: 'Object Repository/14-Income and Expense/div_Download As' is clicked on

2023-07-31 20:22:27 - [MESSAGE][PASSED] - Object: 'Object Repository/14-Income and Expense/div_Download As' is clicked on

2023-07-31 20:22:27 - [TEST_STEP][PASSED] - click(findTestObject("14-Income and Expense/mat-option_PDF")): Object: 'Object Repository/14-Income and Expense/mat-option_PDF' is clicked on

2023-07-31 20:22:28 - [MESSAGE][PASSED] - Object: 'Object Repository/14-Income and Expense/mat-option_PDF' is clicked on

2023-07-31 20:22:28 - [TEST_STEP][PASSED] - click(findTestObject("14-Income and Expense/button_download1")): Object: 'Object Repository/14-Income and Expense/button_download1' is clicked on

2023-07-31 20:22:28 - [MESSAGE][PASSED] - Object: 'Object Repository/14-Income and Expense/button_download1' is clicked on

2023-07-31 20:22:28 - [TEST_STEP][PASSED] - delay(delay_3seconds): Delayed 3 second(s)

2023-07-31 20:22:31 - [MESSAGE][PASSED] - Delayed 3 second(s)

2023-07-31 20:22:31 - [TEST_STEP][PASSED] - click(findTestObject("14-Income and Expense/div_Download As")): Object: 'Object Repository/14-Income and Expense/div_Download As' is clicked on

2023-07-31 20:22:32 - [MESSAGE][PASSED] - Object: 'Object Repository/14-Income and Expense/div_Download As' is clicked on

2023-07-31 20:22:32 - [TEST_STEP][PASSED] - click(findTestObject("14-Income and Expense/mat-option_EXCELCSV")): Object: 'Object Repository/14-Income and Expense/mat-option_EXCELCSV' is clicked on

2023-07-31 20:22:32 - [MESSAGE][PASSED] - Object: 'Object Repository/14-Income and Expense/mat-option_EXCELCSV' is clicked on

2023-07-31 20:22:32 - [TEST_STEP][PASSED] - click(findTestObject("14-Income and Expense/button_download1")): Object: 'Object Repository/14-Income and Expense/button_download1' is clicked on

2023-07-31 20:22:33 - [MESSAGE][PASSED] - Object: 'Object Repository/14-Income and Expense/button_download1' is clicked on

2023-07-31 20:22:33 - [TEST_STEP][PASSED] - delay(delay_3seconds): Delayed 3 second(s)

2023-07-31 20:22:36 - [MESSAGE][PASSED] - Delayed 3 second(s)]]></system-out>
         <system-err><![CDATA[]]></system-err>
      </testcase>
      <testcase name="Test Cases/14-Income and Expense/08-Update report - View and download receipt" time="30.98" classname="Test Cases/14-Income and Expense/08-Update report - View and download receipt" status="PASSED">
         <system-out><![CDATA[2023-07-31 20:22:36 - [TEST_CASE][PASSED] - Test Cases/14-Income and Expense/08-Update report - View and download receipt: Test Cases/14-Income and Expense/08-Update report - View and download receipt

2023-07-31 20:22:36 - [TEST_STEP][PASSED] - click(findTestObject("14-Income and Expense/button_visibility")): Object: 'Object Repository/14-Income and Expense/button_visibility' is clicked on

2023-07-31 20:22:36 - [MESSAGE][PASSED] - Object: 'Object Repository/14-Income and Expense/button_visibility' is clicked on

2023-07-31 20:22:36 - [TEST_STEP][PASSED] - refresh(): Refresh successfully

2023-07-31 20:22:38 - [MESSAGE][PASSED] - Refresh successfully

2023-07-31 20:22:38 - [TEST_STEP][PASSED] - delay(delay_2seconds): Delayed 2 second(s)

2023-07-31 20:22:40 - [MESSAGE][PASSED] - Delayed 2 second(s)

2023-07-31 20:22:40 - [TEST_STEP][PASSED] - refresh(): Refresh successfully

2023-07-31 20:22:42 - [MESSAGE][PASSED] - Refresh successfully

2023-07-31 20:22:42 - [TEST_STEP][PASSED] - delay(delay_2seconds): Delayed 2 second(s)

2023-07-31 20:22:44 - [MESSAGE][PASSED] - Delayed 2 second(s)

2023-07-31 20:22:44 - [TEST_STEP][PASSED] - scrollToElement(findTestObject("03-Header Menu/Hamburger Button/div_Income and Expense"), 0): Scroll to object 'Object Repository/03-Header Menu/Hamburger Button/div_Income and Expense' successfully

2023-07-31 20:22:44 - [MESSAGE][WARNING] - Timeout '0' is invalid. Using default page load timeout: '30'

2023-07-31 20:22:45 - [MESSAGE][PASSED] - Scroll to object 'Object Repository/03-Header Menu/Hamburger Button/div_Income and Expense' successfully

2023-07-31 20:22:45 - [TEST_STEP][PASSED] - click(findTestObject("03-Header Menu/Hamburger Button/div_Income and Expense")): Object: 'Object Repository/03-Header Menu/Hamburger Button/div_Income and Expense' is clicked on

2023-07-31 20:22:46 - [MESSAGE][PASSED] - Object: 'Object Repository/03-Header Menu/Hamburger Button/div_Income and Expense' is clicked on

2023-07-31 20:22:46 - [TEST_STEP][PASSED] - delay(delay_2seconds): Delayed 2 second(s)

2023-07-31 20:22:48 - [MESSAGE][PASSED] - Delayed 2 second(s)

2023-07-31 20:22:48 - [TEST_STEP][PASSED] - click(findTestObject("14-Income and Expense/button_UPDATE")): Object: 'Object Repository/14-Income and Expense/button_UPDATE' is clicked on

2023-07-31 20:22:48 - [MESSAGE][PASSED] - Object: 'Object Repository/14-Income and Expense/button_UPDATE' is clicked on

2023-07-31 20:22:48 - [TEST_STEP][PASSED] - delay(delay_2seconds): Delayed 2 second(s)

2023-07-31 20:22:50 - [MESSAGE][PASSED] - Delayed 2 second(s)

2023-07-31 20:22:50 - [TEST_STEP][PASSED] - scrollToElement(findTestObject("14-Income and Expense/button_visibility"), 0): Scroll to object 'Object Repository/14-Income and Expense/button_visibility' successfully

2023-07-31 20:22:50 - [MESSAGE][WARNING] - Timeout '0' is invalid. Using default page load timeout: '30'

2023-07-31 20:22:50 - [MESSAGE][PASSED] - Scroll to object 'Object Repository/14-Income and Expense/button_visibility' successfully

2023-07-31 20:22:50 - [TEST_STEP][PASSED] - delay(delay_2seconds): Delayed 2 second(s)

2023-07-31 20:22:52 - [MESSAGE][PASSED] - Delayed 2 second(s)

2023-07-31 20:22:52 - [TEST_STEP][PASSED] - scrollToElement(findTestObject("14-Income and Expense/label_Income and Expense Report"), 0): Scroll to object 'Object Repository/14-Income and Expense/label_Income and Expense Report' successfully

2023-07-31 20:23:00 - [MESSAGE][WARNING] - Timeout '0' is invalid. Using default page load timeout: '30'

2023-07-31 20:23:00 - [MESSAGE][PASSED] - Scroll to object 'Object Repository/14-Income and Expense/label_Income and Expense Report' successfully

2023-07-31 20:23:00 - [TEST_STEP][PASSED] - click(findTestObject("14-Income and Expense/button_download2")): Object: 'Object Repository/14-Income and Expense/button_download2' is clicked on

2023-07-31 20:23:04 - [MESSAGE][PASSED] - Object: 'Object Repository/14-Income and Expense/button_download2' is clicked on

2023-07-31 20:23:04 - [TEST_STEP][PASSED] - delay(delay_3seconds): Delayed 3 second(s)

2023-07-31 20:23:07 - [MESSAGE][PASSED] - Delayed 3 second(s)]]></system-out>
         <system-err><![CDATA[]]></system-err>
      </testcase>
      <testcase name="Test Cases/14-Income and Expense/09-Update report - Edit receipt" time="31.869" classname="Test Cases/14-Income and Expense/09-Update report - Edit receipt" status="FAILED">
         <failure type="FAILED" message="Test Cases/14-Income and Expense/09-Update report - Edit receipt FAILED.
Reason:
com.kms.katalon.core.exception.StepFailedException: Unable to click on object 'Object Repository/14-Income and Expense/button_CANCEL'
	at com.kms.katalon.core.webui.keyword.internal.WebUIKeywordMain.stepFailed(WebUIKeywordMain.groovy:64)
	at com.kms.katalon.core.webui.keyword.internal.WebUIKeywordMain.runKeyword(WebUIKeywordMain.groovy:26)
	at com.kms.katalon.core.webui.keyword.builtin.ClickKeyword.click(ClickKeyword.groovy:74)
	at com.kms.katalon.core.webui.keyword.builtin.ClickKeyword.execute(ClickKeyword.groovy:40)
	at com.kms.katalon.core.keyword.internal.KeywordExecutor.executeKeywordForPlatform(KeywordExecutor.groovy:74)
	at com.kms.katalon.core.webui.keyword.WebUiBuiltInKeywords.click(WebUiBuiltInKeywords.groovy:620)
	at com.kms.katalon.core.webui.keyword.WebUiBuiltInKeywords$click$4.call(Unknown Source)
	at 09-Update report - Edit receipt.run(09-Update report - Edit receipt:22)
	at com.kms.katalon.core.main.ScriptEngine.run(ScriptEngine.java:194)
	at com.kms.katalon.core.main.ScriptEngine.runScriptAsRawText(ScriptEngine.java:119)
	at com.kms.katalon.core.main.TestCaseExecutor.runScript(TestCaseExecutor.java:448)
	at com.kms.katalon.core.main.TestCaseExecutor.doExecute(TestCaseExecutor.java:439)
	at com.kms.katalon.core.main.TestCaseExecutor.processExecutionPhase(TestCaseExecutor.java:418)
	at com.kms.katalon.core.main.TestCaseExecutor.accessMainPhase(TestCaseExecutor.java:410)
	at com.kms.katalon.core.main.TestCaseExecutor.execute(TestCaseExecutor.java:285)
	at com.kms.katalon.core.common.CommonExecutor.accessTestCaseMainPhase(CommonExecutor.java:65)
	at com.kms.katalon.core.main.TestSuiteExecutor.accessTestSuiteMainPhase(TestSuiteExecutor.java:148)
	at com.kms.katalon.core.main.TestSuiteExecutor.execute(TestSuiteExecutor.java:106)
	at com.kms.katalon.core.main.TestCaseMain.startTestSuite(TestCaseMain.java:187)
	at com.kms.katalon.core.main.TestCaseMain$startTestSuite$0.call(Unknown Source)
	at TempTestSuite1690805968037.run(TempTestSuite1690805968037.groovy:36)
Caused by: com.kms.katalon.core.webui.exception.WebElementNotFoundException: Web element with id: 'Object Repository/14-Income and Expense/button_CANCEL' located by '//mat-dialog-container[@id='mat-dialog-21']/app-iet-addreceipt/div/div/div[2]/div/button' not found
	at com.kms.katalon.core.webui.common.WebUiCommonHelper.findWebElement(WebUiCommonHelper.java:1381)
	at com.kms.katalon.core.webui.keyword.internal.WebUIAbstractKeyword.findWebElement(WebUIAbstractKeyword.groovy:27)
	at com.kms.katalon.core.webui.keyword.builtin.ClickKeyword$_click_closure1.doCall(ClickKeyword.groovy:65)
	at com.kms.katalon.core.webui.keyword.builtin.ClickKeyword$_click_closure1.call(ClickKeyword.groovy)
	at com.kms.katalon.core.webui.keyword.internal.WebUIKeywordMain.runKeyword(WebUIKeywordMain.groovy:20)
	... 19 more
"/>
         <system-out><![CDATA[2023-07-31 20:23:07 - [TEST_CASE][FAILED] - Test Cases/14-Income and Expense/09-Update report - Edit receipt: Test Cases/14-Income and Expense/09-Update report - Edit receipt FAILED.
Reason:
com.kms.katalon.core.exception.StepFailedException: Unable to click on object 'Object Repository/14-Income and Expense/button_CANCEL'
	at com.kms.katalon.core.webui.keyword.internal.WebUIKeywordMain.stepFailed(WebUIKeywordMain.groovy:64)
	at com.kms.katalon.core.webui.keyword.internal.WebUIKeywordMain.runKeyword(WebUIKeywordMain.groovy:26)
	at com.kms.katalon.core.webui.keyword.builtin.ClickKeyword.click(ClickKeyword.groovy:74)
	at com.kms.katalon.core.webui.keyword.builtin.ClickKeyword.execute(ClickKeyword.groovy:40)
	at com.kms.katalon.core.keyword.internal.KeywordExecutor.executeKeywordForPlatform(KeywordExecutor.groovy:74)
	at com.kms.katalon.core.webui.keyword.WebUiBuiltInKeywords.click(WebUiBuiltInKeywords.groovy:620)
	at com.kms.katalon.core.webui.keyword.WebUiBuiltInKeywords$click$4.call(Unknown Source)
	at 09-Update report - Edit receipt.run(09-Update report - Edit receipt:22)
	at com.kms.katalon.core.main.ScriptEngine.run(ScriptEngine.java:194)
	at com.kms.katalon.core.main.ScriptEngine.runScriptAsRawText(ScriptEngine.java:119)
	at com.kms.katalon.core.main.TestCaseExecutor.runScript(TestCaseExecutor.java:448)
	at com.kms.katalon.core.main.TestCaseExecutor.doExecute(TestCaseExecutor.java:439)
	at com.kms.katalon.core.main.TestCaseExecutor.processExecutionPhase(TestCaseExecutor.java:418)
	at com.kms.katalon.core.main.TestCaseExecutor.accessMainPhase(TestCaseExecutor.java:410)
	at com.kms.katalon.core.main.TestCaseExecutor.execute(TestCaseExecutor.java:285)
	at com.kms.katalon.core.common.CommonExecutor.accessTestCaseMainPhase(CommonExecutor.java:65)
	at com.kms.katalon.core.main.TestSuiteExecutor.accessTestSuiteMainPhase(TestSuiteExecutor.java:148)
	at com.kms.katalon.core.main.TestSuiteExecutor.execute(TestSuiteExecutor.java:106)
	at com.kms.katalon.core.main.TestCaseMain.startTestSuite(TestCaseMain.java:187)
	at com.kms.katalon.core.main.TestCaseMain$startTestSuite$0.call(Unknown Source)
	at TempTestSuite1690805968037.run(TempTestSuite1690805968037.groovy:36)
Caused by: com.kms.katalon.core.webui.exception.WebElementNotFoundException: Web element with id: 'Object Repository/14-Income and Expense/button_CANCEL' located by '//mat-dialog-container[@id='mat-dialog-21']/app-iet-addreceipt/div/div/div[2]/div/button' not found
	at com.kms.katalon.core.webui.common.WebUiCommonHelper.findWebElement(WebUiCommonHelper.java:1381)
	at com.kms.katalon.core.webui.keyword.internal.WebUIAbstractKeyword.findWebElement(WebUIAbstractKeyword.groovy:27)
	at com.kms.katalon.core.webui.keyword.builtin.ClickKeyword$_click_closure1.doCall(ClickKeyword.groovy:65)
	at com.kms.katalon.core.webui.keyword.builtin.ClickKeyword$_click_closure1.call(ClickKeyword.groovy)
	at com.kms.katalon.core.webui.keyword.internal.WebUIKeywordMain.runKeyword(WebUIKeywordMain.groovy:20)
	... 19 more


2023-07-31 20:23:07 - [TEST_STEP][PASSED] - click(findTestObject("14-Income and Expense/button_UPDATE loop")): Object: 'Object Repository/14-Income and Expense/button_UPDATE loop' is clicked on

2023-07-31 20:23:07 - [MESSAGE][PASSED] - Object: 'Object Repository/14-Income and Expense/button_UPDATE loop' is clicked on

2023-07-31 20:23:07 - [TEST_STEP][FAILED] - click(findTestObject("14-Income and Expense/button_CANCEL")): Unable to click on object 'Object Repository/14-Income and Expense/button_CANCEL' (Root cause: com.kms.katalon.core.exception.StepFailedException: Unable to click on object 'Object Repository/14-Income and Expense/button_CANCEL'
	at com.kms.katalon.core.webui.keyword.internal.WebUIKeywordMain.stepFailed(WebUIKeywordMain.groovy:64)
	at com.kms.katalon.core.webui.keyword.internal.WebUIKeywordMain.runKeyword(WebUIKeywordMain.groovy:26)
	at com.kms.katalon.core.webui.keyword.builtin.ClickKeyword.click(ClickKeyword.groovy:74)
	at com.kms.katalon.core.webui.keyword.builtin.ClickKeyword.execute(ClickKeyword.groovy:40)
	at com.kms.katalon.core.keyword.internal.KeywordExecutor.executeKeywordForPlatform(KeywordExecutor.groovy:74)
	at com.kms.katalon.core.webui.keyword.WebUiBuiltInKeywords.click(WebUiBuiltInKeywords.groovy:620)
	at com.kms.katalon.core.webui.keyword.WebUiBuiltInKeywords$click$4.call(Unknown Source)
	at 09-Update report - Edit receipt.run(09-Update report - Edit receipt:22)
	at com.kms.katalon.core.main.ScriptEngine.run(ScriptEngine.java:194)
	at com.kms.katalon.core.main.ScriptEngine.runScriptAsRawText(ScriptEngine.java:119)
	at com.kms.katalon.core.main.TestCaseExecutor.runScript(TestCaseExecutor.java:448)
	at com.kms.katalon.core.main.TestCaseExecutor.doExecute(TestCaseExecutor.java:439)
	at com.kms.katalon.core.main.TestCaseExecutor.processExecutionPhase(TestCaseExecutor.java:418)
	at com.kms.katalon.core.main.TestCaseExecutor.accessMainPhase(TestCaseExecutor.java:410)
	at com.kms.katalon.core.main.TestCaseExecutor.execute(TestCaseExecutor.java:285)
	at com.kms.katalon.core.common.CommonExecutor.accessTestCaseMainPhase(CommonExecutor.java:65)
	at com.kms.katalon.core.main.TestSuiteExecutor.accessTestSuiteMainPhase(TestSuiteExecutor.java:148)
	at com.kms.katalon.core.main.TestSuiteExecutor.execute(TestSuiteExecutor.java:106)
	at com.kms.katalon.core.main.TestCaseMain.startTestSuite(TestCaseMain.java:187)
	at com.kms.katalon.core.main.TestCaseMain$startTestSuite$0.call(Unknown Source)
	at TempTestSuite1690805968037.run(TempTestSuite1690805968037.groovy:36)
Caused by: com.kms.katalon.core.webui.exception.WebElementNotFoundException: Web element with id: 'Object Repository/14-Income and Expense/button_CANCEL' located by '//mat-dialog-container[@id='mat-dialog-21']/app-iet-addreceipt/div/div/div[2]/div/button' not found
	at com.kms.katalon.core.webui.common.WebUiCommonHelper.findWebElement(WebUiCommonHelper.java:1381)
	at com.kms.katalon.core.webui.keyword.internal.WebUIAbstractKeyword.findWebElement(WebUIAbstractKeyword.groovy:27)
	at com.kms.katalon.core.webui.keyword.builtin.ClickKeyword$_click_closure1.doCall(ClickKeyword.groovy:65)
	at com.kms.katalon.core.webui.keyword.builtin.ClickKeyword$_click_closure1.call(ClickKeyword.groovy)
	at com.kms.katalon.core.webui.keyword.internal.WebUIKeywordMain.runKeyword(WebUIKeywordMain.groovy:20)
	at com.kms.katalon.core.webui.keyword.builtin.ClickKeyword.click(ClickKeyword.groovy:74)
	at com.kms.katalon.core.webui.keyword.builtin.ClickKeyword.execute(ClickKeyword.groovy:40)
	at com.kms.katalon.core.keyword.internal.KeywordExecutor.executeKeywordForPlatform(KeywordExecutor.groovy:74)
	at com.kms.katalon.core.webui.keyword.WebUiBuiltInKeywords.click(WebUiBuiltInKeywords.groovy:620)
	at com.kms.katalon.core.webui.keyword.WebUiBuiltInKeywords$click$4.call(Unknown Source)
	at Script1689752709402.run(Script1689752709402.groovy:22)
	... 13 more
)

2023-07-31 20:23:39 - [MESSAGE][INFO] - Unable to find the element located by 'By.xpath: //mat-dialog-container[@id='mat-dialog-21']/app-iet-addreceipt/div/div/div[2]/div/button'. Please recheck the objects properties to make sure the desired element is located. 

2023-07-31 20:23:39 - [MESSAGE][FAILED] - Unable to click on object 'Object Repository/14-Income and Expense/button_CANCEL' (Root cause: com.kms.katalon.core.exception.StepFailedException: Unable to click on object 'Object Repository/14-Income and Expense/button_CANCEL'
	at com.kms.katalon.core.webui.keyword.internal.WebUIKeywordMain.stepFailed(WebUIKeywordMain.groovy:64)
	at com.kms.katalon.core.webui.keyword.internal.WebUIKeywordMain.runKeyword(WebUIKeywordMain.groovy:26)
	at com.kms.katalon.core.webui.keyword.builtin.ClickKeyword.click(ClickKeyword.groovy:74)
	at com.kms.katalon.core.webui.keyword.builtin.ClickKeyword.execute(ClickKeyword.groovy:40)
	at com.kms.katalon.core.keyword.internal.KeywordExecutor.executeKeywordForPlatform(KeywordExecutor.groovy:74)
	at com.kms.katalon.core.webui.keyword.WebUiBuiltInKeywords.click(WebUiBuiltInKeywords.groovy:620)
	at com.kms.katalon.core.webui.keyword.WebUiBuiltInKeywords$click$4.call(Unknown Source)
	at 09-Update report - Edit receipt.run(09-Update report - Edit receipt:22)
	at com.kms.katalon.core.main.ScriptEngine.run(ScriptEngine.java:194)
	at com.kms.katalon.core.main.ScriptEngine.runScriptAsRawText(ScriptEngine.java:119)
	at com.kms.katalon.core.main.TestCaseExecutor.runScript(TestCaseExecutor.java:448)
	at com.kms.katalon.core.main.TestCaseExecutor.doExecute(TestCaseExecutor.java:439)
	at com.kms.katalon.core.main.TestCaseExecutor.processExecutionPhase(TestCaseExecutor.java:418)
	at com.kms.katalon.core.main.TestCaseExecutor.accessMainPhase(TestCaseExecutor.java:410)
	at com.kms.katalon.core.main.TestCaseExecutor.execute(TestCaseExecutor.java:285)
	at com.kms.katalon.core.common.CommonExecutor.accessTestCaseMainPhase(CommonExecutor.java:65)
	at com.kms.katalon.core.main.TestSuiteExecutor.accessTestSuiteMainPhase(TestSuiteExecutor.java:148)
	at com.kms.katalon.core.main.TestSuiteExecutor.execute(TestSuiteExecutor.java:106)
	at com.kms.katalon.core.main.TestCaseMain.startTestSuite(TestCaseMain.java:187)
	at com.kms.katalon.core.main.TestCaseMain$startTestSuite$0.call(Unknown Source)
	at TempTestSuite1690805968037.run(TempTestSuite1690805968037.groovy:36)
Caused by: com.kms.katalon.core.webui.exception.WebElementNotFoundException: Web element with id: 'Object Repository/14-Income and Expense/button_CANCEL' located by '//mat-dialog-container[@id='mat-dialog-21']/app-iet-addreceipt/div/div/div[2]/div/button' not found
	at com.kms.katalon.core.webui.common.WebUiCommonHelper.findWebElement(WebUiCommonHelper.java:1381)
	at com.kms.katalon.core.webui.keyword.internal.WebUIAbstractKeyword.findWebElement(WebUIAbstractKeyword.groovy:27)
	at com.kms.katalon.core.webui.keyword.builtin.ClickKeyword$_click_closure1.doCall(ClickKeyword.groovy:65)
	at com.kms.katalon.core.webui.keyword.builtin.ClickKeyword$_click_closure1.call(ClickKeyword.groovy)
	at com.kms.katalon.core.webui.keyword.internal.WebUIKeywordMain.runKeyword(WebUIKeywordMain.groovy:20)
	at com.kms.katalon.core.webui.keyword.builtin.ClickKeyword.click(ClickKeyword.groovy:74)
	at com.kms.katalon.core.webui.keyword.builtin.ClickKeyword.execute(ClickKeyword.groovy:40)
	at com.kms.katalon.core.keyword.internal.KeywordExecutor.executeKeywordForPlatform(KeywordExecutor.groovy:74)
	at com.kms.katalon.core.webui.keyword.WebUiBuiltInKeywords.click(WebUiBuiltInKeywords.groovy:620)
	at com.kms.katalon.core.webui.keyword.WebUiBuiltInKeywords$click$4.call(Unknown Source)
	at Script1689752709402.run(Script1689752709402.groovy:22)
	... 13 more
)
[[ATTACHMENT|C:\\Users\\Personal\\Documents\\GitHub\\Everleagues\\Reports\\20230731_201928\\TS-Organization\\14-Income and Expense\\20230731_201928\\1690806219033.png]]]]></system-out>
         <system-err><![CDATA[2023-07-31 20:23:07 - [TEST_CASE][FAILED] - Test Cases/14-Income and Expense/09-Update report - Edit receipt: Test Cases/14-Income and Expense/09-Update report - Edit receipt FAILED.
Reason:
com.kms.katalon.core.exception.StepFailedException: Unable to click on object 'Object Repository/14-Income and Expense/button_CANCEL'
	at com.kms.katalon.core.webui.keyword.internal.WebUIKeywordMain.stepFailed(WebUIKeywordMain.groovy:64)
	at com.kms.katalon.core.webui.keyword.internal.WebUIKeywordMain.runKeyword(WebUIKeywordMain.groovy:26)
	at com.kms.katalon.core.webui.keyword.builtin.ClickKeyword.click(ClickKeyword.groovy:74)
	at com.kms.katalon.core.webui.keyword.builtin.ClickKeyword.execute(ClickKeyword.groovy:40)
	at com.kms.katalon.core.keyword.internal.KeywordExecutor.executeKeywordForPlatform(KeywordExecutor.groovy:74)
	at com.kms.katalon.core.webui.keyword.WebUiBuiltInKeywords.click(WebUiBuiltInKeywords.groovy:620)
	at com.kms.katalon.core.webui.keyword.WebUiBuiltInKeywords$click$4.call(Unknown Source)
	at 09-Update report - Edit receipt.run(09-Update report - Edit receipt:22)
	at com.kms.katalon.core.main.ScriptEngine.run(ScriptEngine.java:194)
	at com.kms.katalon.core.main.ScriptEngine.runScriptAsRawText(ScriptEngine.java:119)
	at com.kms.katalon.core.main.TestCaseExecutor.runScript(TestCaseExecutor.java:448)
	at com.kms.katalon.core.main.TestCaseExecutor.doExecute(TestCaseExecutor.java:439)
	at com.kms.katalon.core.main.TestCaseExecutor.processExecutionPhase(TestCaseExecutor.java:418)
	at com.kms.katalon.core.main.TestCaseExecutor.accessMainPhase(TestCaseExecutor.java:410)
	at com.kms.katalon.core.main.TestCaseExecutor.execute(TestCaseExecutor.java:285)
	at com.kms.katalon.core.common.CommonExecutor.accessTestCaseMainPhase(CommonExecutor.java:65)
	at com.kms.katalon.core.main.TestSuiteExecutor.accessTestSuiteMainPhase(TestSuiteExecutor.java:148)
	at com.kms.katalon.core.main.TestSuiteExecutor.execute(TestSuiteExecutor.java:106)
	at com.kms.katalon.core.main.TestCaseMain.startTestSuite(TestCaseMain.java:187)
	at com.kms.katalon.core.main.TestCaseMain$startTestSuite$0.call(Unknown Source)
	at TempTestSuite1690805968037.run(TempTestSuite1690805968037.groovy:36)
Caused by: com.kms.katalon.core.webui.exception.WebElementNotFoundException: Web element with id: 'Object Repository/14-Income and Expense/button_CANCEL' located by '//mat-dialog-container[@id='mat-dialog-21']/app-iet-addreceipt/div/div/div[2]/div/button' not found
	at com.kms.katalon.core.webui.common.WebUiCommonHelper.findWebElement(WebUiCommonHelper.java:1381)
	at com.kms.katalon.core.webui.keyword.internal.WebUIAbstractKeyword.findWebElement(WebUIAbstractKeyword.groovy:27)
	at com.kms.katalon.core.webui.keyword.builtin.ClickKeyword$_click_closure1.doCall(ClickKeyword.groovy:65)
	at com.kms.katalon.core.webui.keyword.builtin.ClickKeyword$_click_closure1.call(ClickKeyword.groovy)
	at com.kms.katalon.core.webui.keyword.internal.WebUIKeywordMain.runKeyword(WebUIKeywordMain.groovy:20)
	... 19 more]]></system-err>
      </testcase>
      <testcase name="Test Cases/14-Income and Expense/10-Update report - Delete receipt" time="13.908" classname="Test Cases/14-Income and Expense/10-Update report - Delete receipt" status="PASSED">
         <system-out><![CDATA[2023-07-31 20:23:39 - [TEST_CASE][PASSED] - Test Cases/14-Income and Expense/10-Update report - Delete receipt: Test Cases/14-Income and Expense/10-Update report - Delete receipt

2023-07-31 20:23:39 - [TEST_STEP][PASSED] - click(findTestObject("14-Income and Expense/button_delete_forever")): Object: 'Object Repository/14-Income and Expense/button_delete_forever' is clicked on

2023-07-31 20:23:39 - [MESSAGE][PASSED] - Object: 'Object Repository/14-Income and Expense/button_delete_forever' is clicked on

2023-07-31 20:23:39 - [TEST_STEP][PASSED] - verifyElementVisible(findTestObject("14-Income and Expense/mat-dialog-container_ReceiptDeleteConfirmationModal")): Object 'Object Repository/14-Income and Expense/mat-dialog-container_ReceiptDeleteConfirmationModal' is visible

2023-07-31 20:23:40 - [MESSAGE][PASSED] - Object 'Object Repository/14-Income and Expense/mat-dialog-container_ReceiptDeleteConfirmationModal' is visible

2023-07-31 20:23:40 - [TEST_STEP][PASSED] - click(findTestObject("14-Income and Expense/button_No")): Object: 'Object Repository/14-Income and Expense/button_No' is clicked on

2023-07-31 20:23:41 - [MESSAGE][PASSED] - Object: 'Object Repository/14-Income and Expense/button_No' is clicked on

2023-07-31 20:23:41 - [TEST_STEP][PASSED] - delay(delay_3seconds): Delayed 3 second(s)

2023-07-31 20:23:44 - [MESSAGE][PASSED] - Delayed 3 second(s)

2023-07-31 20:23:44 - [TEST_STEP][PASSED] - click(findTestObject("14-Income and Expense/button_delete_forever")): Object: 'Object Repository/14-Income and Expense/button_delete_forever' is clicked on

2023-07-31 20:23:44 - [MESSAGE][PASSED] - Object: 'Object Repository/14-Income and Expense/button_delete_forever' is clicked on

2023-07-31 20:23:44 - [TEST_STEP][PASSED] - verifyElementVisible(findTestObject("14-Income and Expense/mat-dialog-container_ReceiptDeleteConfirmationModal")): Object 'Object Repository/14-Income and Expense/mat-dialog-container_ReceiptDeleteConfirmationModal' is visible

2023-07-31 20:23:45 - [MESSAGE][PASSED] - Object 'Object Repository/14-Income and Expense/mat-dialog-container_ReceiptDeleteConfirmationModal' is visible

2023-07-31 20:23:45 - [TEST_STEP][PASSED] - delay(delay_2seconds): Delayed 2 second(s)

2023-07-31 20:23:47 - [MESSAGE][PASSED] - Delayed 2 second(s)

2023-07-31 20:23:47 - [TEST_STEP][PASSED] - click(findTestObject("14-Income and Expense/button_Yes")): Object: 'Object Repository/14-Income and Expense/button_Yes' is clicked on

2023-07-31 20:23:47 - [MESSAGE][PASSED] - Object: 'Object Repository/14-Income and Expense/button_Yes' is clicked on

2023-07-31 20:23:47 - [TEST_STEP][PASSED] - delay(delay_2seconds): Delayed 2 second(s)

2023-07-31 20:23:49 - [MESSAGE][PASSED] - Delayed 2 second(s)

2023-07-31 20:23:49 - [TEST_STEP][PASSED] - click(findTestObject("14-Income and Expense/button_BACK")): Object: 'Object Repository/14-Income and Expense/button_BACK' is clicked on

2023-07-31 20:23:50 - [MESSAGE][PASSED] - Object: 'Object Repository/14-Income and Expense/button_BACK' is clicked on

2023-07-31 20:23:50 - [TEST_STEP][PASSED] - delay(delay_3seconds): Delayed 3 second(s)

2023-07-31 20:23:53 - [MESSAGE][PASSED] - Delayed 3 second(s)]]></system-out>
         <system-err><![CDATA[]]></system-err>
      </testcase>
      <testcase name="Test Cases/14-Income and Expense/11-Settings" time="32.587" classname="Test Cases/14-Income and Expense/11-Settings" status="FAILED">
         <failure type="FAILED" message="Test Cases/14-Income and Expense/11-Settings FAILED.
Reason:
com.kms.katalon.core.exception.StepFailedException: Unable to click on object 'Object Repository/14-Income and Expense/button_CANCEL'
	at com.kms.katalon.core.webui.keyword.internal.WebUIKeywordMain.stepFailed(WebUIKeywordMain.groovy:64)
	at com.kms.katalon.core.webui.keyword.internal.WebUIKeywordMain.runKeyword(WebUIKeywordMain.groovy:26)
	at com.kms.katalon.core.webui.keyword.builtin.ClickKeyword.click(ClickKeyword.groovy:74)
	at com.kms.katalon.core.webui.keyword.builtin.ClickKeyword.execute(ClickKeyword.groovy:40)
	at com.kms.katalon.core.keyword.internal.KeywordExecutor.executeKeywordForPlatform(KeywordExecutor.groovy:74)
	at com.kms.katalon.core.webui.keyword.WebUiBuiltInKeywords.click(WebUiBuiltInKeywords.groovy:620)
	at com.kms.katalon.core.webui.keyword.WebUiBuiltInKeywords$click$4.call(Unknown Source)
	at 11-Settings.run(11-Settings:24)
	at com.kms.katalon.core.main.ScriptEngine.run(ScriptEngine.java:194)
	at com.kms.katalon.core.main.ScriptEngine.runScriptAsRawText(ScriptEngine.java:119)
	at com.kms.katalon.core.main.TestCaseExecutor.runScript(TestCaseExecutor.java:448)
	at com.kms.katalon.core.main.TestCaseExecutor.doExecute(TestCaseExecutor.java:439)
	at com.kms.katalon.core.main.TestCaseExecutor.processExecutionPhase(TestCaseExecutor.java:418)
	at com.kms.katalon.core.main.TestCaseExecutor.accessMainPhase(TestCaseExecutor.java:410)
	at com.kms.katalon.core.main.TestCaseExecutor.execute(TestCaseExecutor.java:285)
	at com.kms.katalon.core.common.CommonExecutor.accessTestCaseMainPhase(CommonExecutor.java:65)
	at com.kms.katalon.core.main.TestSuiteExecutor.accessTestSuiteMainPhase(TestSuiteExecutor.java:148)
	at com.kms.katalon.core.main.TestSuiteExecutor.execute(TestSuiteExecutor.java:106)
	at com.kms.katalon.core.main.TestCaseMain.startTestSuite(TestCaseMain.java:187)
	at com.kms.katalon.core.main.TestCaseMain$startTestSuite$0.call(Unknown Source)
	at TempTestSuite1690805968037.run(TempTestSuite1690805968037.groovy:36)
Caused by: com.kms.katalon.core.webui.exception.WebElementNotFoundException: Web element with id: 'Object Repository/14-Income and Expense/button_CANCEL' located by '//mat-dialog-container[@id='mat-dialog-21']/app-iet-addreceipt/div/div/div[2]/div/button' not found
	at com.kms.katalon.core.webui.common.WebUiCommonHelper.findWebElement(WebUiCommonHelper.java:1381)
	at com.kms.katalon.core.webui.keyword.internal.WebUIAbstractKeyword.findWebElement(WebUIAbstractKeyword.groovy:27)
	at com.kms.katalon.core.webui.keyword.builtin.ClickKeyword$_click_closure1.doCall(ClickKeyword.groovy:65)
	at com.kms.katalon.core.webui.keyword.builtin.ClickKeyword$_click_closure1.call(ClickKeyword.groovy)
	at com.kms.katalon.core.webui.keyword.internal.WebUIKeywordMain.runKeyword(WebUIKeywordMain.groovy:20)
	... 19 more
"/>
         <system-out><![CDATA[2023-07-31 20:23:53 - [TEST_CASE][FAILED] - Test Cases/14-Income and Expense/11-Settings: Test Cases/14-Income and Expense/11-Settings FAILED.
Reason:
com.kms.katalon.core.exception.StepFailedException: Unable to click on object 'Object Repository/14-Income and Expense/button_CANCEL'
	at com.kms.katalon.core.webui.keyword.internal.WebUIKeywordMain.stepFailed(WebUIKeywordMain.groovy:64)
	at com.kms.katalon.core.webui.keyword.internal.WebUIKeywordMain.runKeyword(WebUIKeywordMain.groovy:26)
	at com.kms.katalon.core.webui.keyword.builtin.ClickKeyword.click(ClickKeyword.groovy:74)
	at com.kms.katalon.core.webui.keyword.builtin.ClickKeyword.execute(ClickKeyword.groovy:40)
	at com.kms.katalon.core.keyword.internal.KeywordExecutor.executeKeywordForPlatform(KeywordExecutor.groovy:74)
	at com.kms.katalon.core.webui.keyword.WebUiBuiltInKeywords.click(WebUiBuiltInKeywords.groovy:620)
	at com.kms.katalon.core.webui.keyword.WebUiBuiltInKeywords$click$4.call(Unknown Source)
	at 11-Settings.run(11-Settings:24)
	at com.kms.katalon.core.main.ScriptEngine.run(ScriptEngine.java:194)
	at com.kms.katalon.core.main.ScriptEngine.runScriptAsRawText(ScriptEngine.java:119)
	at com.kms.katalon.core.main.TestCaseExecutor.runScript(TestCaseExecutor.java:448)
	at com.kms.katalon.core.main.TestCaseExecutor.doExecute(TestCaseExecutor.java:439)
	at com.kms.katalon.core.main.TestCaseExecutor.processExecutionPhase(TestCaseExecutor.java:418)
	at com.kms.katalon.core.main.TestCaseExecutor.accessMainPhase(TestCaseExecutor.java:410)
	at com.kms.katalon.core.main.TestCaseExecutor.execute(TestCaseExecutor.java:285)
	at com.kms.katalon.core.common.CommonExecutor.accessTestCaseMainPhase(CommonExecutor.java:65)
	at com.kms.katalon.core.main.TestSuiteExecutor.accessTestSuiteMainPhase(TestSuiteExecutor.java:148)
	at com.kms.katalon.core.main.TestSuiteExecutor.execute(TestSuiteExecutor.java:106)
	at com.kms.katalon.core.main.TestCaseMain.startTestSuite(TestCaseMain.java:187)
	at com.kms.katalon.core.main.TestCaseMain$startTestSuite$0.call(Unknown Source)
	at TempTestSuite1690805968037.run(TempTestSuite1690805968037.groovy:36)
Caused by: com.kms.katalon.core.webui.exception.WebElementNotFoundException: Web element with id: 'Object Repository/14-Income and Expense/button_CANCEL' located by '//mat-dialog-container[@id='mat-dialog-21']/app-iet-addreceipt/div/div/div[2]/div/button' not found
	at com.kms.katalon.core.webui.common.WebUiCommonHelper.findWebElement(WebUiCommonHelper.java:1381)
	at com.kms.katalon.core.webui.keyword.internal.WebUIAbstractKeyword.findWebElement(WebUIAbstractKeyword.groovy:27)
	at com.kms.katalon.core.webui.keyword.builtin.ClickKeyword$_click_closure1.doCall(ClickKeyword.groovy:65)
	at com.kms.katalon.core.webui.keyword.builtin.ClickKeyword$_click_closure1.call(ClickKeyword.groovy)
	at com.kms.katalon.core.webui.keyword.internal.WebUIKeywordMain.runKeyword(WebUIKeywordMain.groovy:20)
	... 19 more


2023-07-31 20:23:53 - [TEST_STEP][PASSED] - click(findTestObject("14-Income and Expense/button_settings")): Object: 'Object Repository/14-Income and Expense/button_settings' is clicked on

2023-07-31 20:23:53 - [MESSAGE][PASSED] - Object: 'Object Repository/14-Income and Expense/button_settings' is clicked on

2023-07-31 20:23:53 - [TEST_STEP][PASSED] - verifyElementVisible(findTestObject("14-Income and Expense/mat-dialog-container_Edit CompanyModal")): Object 'Object Repository/14-Income and Expense/mat-dialog-container_Edit CompanyModal' is visible

2023-07-31 20:23:54 - [MESSAGE][PASSED] - Object 'Object Repository/14-Income and Expense/mat-dialog-container_Edit CompanyModal' is visible

2023-07-31 20:23:54 - [TEST_STEP][FAILED] - click(findTestObject("14-Income and Expense/button_CANCEL")): Unable to click on object 'Object Repository/14-Income and Expense/button_CANCEL' (Root cause: com.kms.katalon.core.exception.StepFailedException: Unable to click on object 'Object Repository/14-Income and Expense/button_CANCEL'
	at com.kms.katalon.core.webui.keyword.internal.WebUIKeywordMain.stepFailed(WebUIKeywordMain.groovy:64)
	at com.kms.katalon.core.webui.keyword.internal.WebUIKeywordMain.runKeyword(WebUIKeywordMain.groovy:26)
	at com.kms.katalon.core.webui.keyword.builtin.ClickKeyword.click(ClickKeyword.groovy:74)
	at com.kms.katalon.core.webui.keyword.builtin.ClickKeyword.execute(ClickKeyword.groovy:40)
	at com.kms.katalon.core.keyword.internal.KeywordExecutor.executeKeywordForPlatform(KeywordExecutor.groovy:74)
	at com.kms.katalon.core.webui.keyword.WebUiBuiltInKeywords.click(WebUiBuiltInKeywords.groovy:620)
	at com.kms.katalon.core.webui.keyword.WebUiBuiltInKeywords$click$4.call(Unknown Source)
	at 11-Settings.run(11-Settings:24)
	at com.kms.katalon.core.main.ScriptEngine.run(ScriptEngine.java:194)
	at com.kms.katalon.core.main.ScriptEngine.runScriptAsRawText(ScriptEngine.java:119)
	at com.kms.katalon.core.main.TestCaseExecutor.runScript(TestCaseExecutor.java:448)
	at com.kms.katalon.core.main.TestCaseExecutor.doExecute(TestCaseExecutor.java:439)
	at com.kms.katalon.core.main.TestCaseExecutor.processExecutionPhase(TestCaseExecutor.java:418)
	at com.kms.katalon.core.main.TestCaseExecutor.accessMainPhase(TestCaseExecutor.java:410)
	at com.kms.katalon.core.main.TestCaseExecutor.execute(TestCaseExecutor.java:285)
	at com.kms.katalon.core.common.CommonExecutor.accessTestCaseMainPhase(CommonExecutor.java:65)
	at com.kms.katalon.core.main.TestSuiteExecutor.accessTestSuiteMainPhase(TestSuiteExecutor.java:148)
	at com.kms.katalon.core.main.TestSuiteExecutor.execute(TestSuiteExecutor.java:106)
	at com.kms.katalon.core.main.TestCaseMain.startTestSuite(TestCaseMain.java:187)
	at com.kms.katalon.core.main.TestCaseMain$startTestSuite$0.call(Unknown Source)
	at TempTestSuite1690805968037.run(TempTestSuite1690805968037.groovy:36)
Caused by: com.kms.katalon.core.webui.exception.WebElementNotFoundException: Web element with id: 'Object Repository/14-Income and Expense/button_CANCEL' located by '//mat-dialog-container[@id='mat-dialog-21']/app-iet-addreceipt/div/div/div[2]/div/button' not found
	at com.kms.katalon.core.webui.common.WebUiCommonHelper.findWebElement(WebUiCommonHelper.java:1381)
	at com.kms.katalon.core.webui.keyword.internal.WebUIAbstractKeyword.findWebElement(WebUIAbstractKeyword.groovy:27)
	at com.kms.katalon.core.webui.keyword.builtin.ClickKeyword$_click_closure1.doCall(ClickKeyword.groovy:65)
	at com.kms.katalon.core.webui.keyword.builtin.ClickKeyword$_click_closure1.call(ClickKeyword.groovy)
	at com.kms.katalon.core.webui.keyword.internal.WebUIKeywordMain.runKeyword(WebUIKeywordMain.groovy:20)
	at com.kms.katalon.core.webui.keyword.builtin.ClickKeyword.click(ClickKeyword.groovy:74)
	at com.kms.katalon.core.webui.keyword.builtin.ClickKeyword.execute(ClickKeyword.groovy:40)
	at com.kms.katalon.core.keyword.internal.KeywordExecutor.executeKeywordForPlatform(KeywordExecutor.groovy:74)
	at com.kms.katalon.core.webui.keyword.WebUiBuiltInKeywords.click(WebUiBuiltInKeywords.groovy:620)
	at com.kms.katalon.core.webui.keyword.WebUiBuiltInKeywords$click$4.call(Unknown Source)
	at Script1689752709409.run(Script1689752709409.groovy:24)
	... 13 more
)

2023-07-31 20:24:25 - [MESSAGE][INFO] - Unable to find the element located by 'By.xpath: //mat-dialog-container[@id='mat-dialog-21']/app-iet-addreceipt/div/div/div[2]/div/button'. Please recheck the objects properties to make sure the desired element is located. 

2023-07-31 20:24:25 - [MESSAGE][FAILED] - Unable to click on object 'Object Repository/14-Income and Expense/button_CANCEL' (Root cause: com.kms.katalon.core.exception.StepFailedException: Unable to click on object 'Object Repository/14-Income and Expense/button_CANCEL'
	at com.kms.katalon.core.webui.keyword.internal.WebUIKeywordMain.stepFailed(WebUIKeywordMain.groovy:64)
	at com.kms.katalon.core.webui.keyword.internal.WebUIKeywordMain.runKeyword(WebUIKeywordMain.groovy:26)
	at com.kms.katalon.core.webui.keyword.builtin.ClickKeyword.click(ClickKeyword.groovy:74)
	at com.kms.katalon.core.webui.keyword.builtin.ClickKeyword.execute(ClickKeyword.groovy:40)
	at com.kms.katalon.core.keyword.internal.KeywordExecutor.executeKeywordForPlatform(KeywordExecutor.groovy:74)
	at com.kms.katalon.core.webui.keyword.WebUiBuiltInKeywords.click(WebUiBuiltInKeywords.groovy:620)
	at com.kms.katalon.core.webui.keyword.WebUiBuiltInKeywords$click$4.call(Unknown Source)
	at 11-Settings.run(11-Settings:24)
	at com.kms.katalon.core.main.ScriptEngine.run(ScriptEngine.java:194)
	at com.kms.katalon.core.main.ScriptEngine.runScriptAsRawText(ScriptEngine.java:119)
	at com.kms.katalon.core.main.TestCaseExecutor.runScript(TestCaseExecutor.java:448)
	at com.kms.katalon.core.main.TestCaseExecutor.doExecute(TestCaseExecutor.java:439)
	at com.kms.katalon.core.main.TestCaseExecutor.processExecutionPhase(TestCaseExecutor.java:418)
	at com.kms.katalon.core.main.TestCaseExecutor.accessMainPhase(TestCaseExecutor.java:410)
	at com.kms.katalon.core.main.TestCaseExecutor.execute(TestCaseExecutor.java:285)
	at com.kms.katalon.core.common.CommonExecutor.accessTestCaseMainPhase(CommonExecutor.java:65)
	at com.kms.katalon.core.main.TestSuiteExecutor.accessTestSuiteMainPhase(TestSuiteExecutor.java:148)
	at com.kms.katalon.core.main.TestSuiteExecutor.execute(TestSuiteExecutor.java:106)
	at com.kms.katalon.core.main.TestCaseMain.startTestSuite(TestCaseMain.java:187)
	at com.kms.katalon.core.main.TestCaseMain$startTestSuite$0.call(Unknown Source)
	at TempTestSuite1690805968037.run(TempTestSuite1690805968037.groovy:36)
Caused by: com.kms.katalon.core.webui.exception.WebElementNotFoundException: Web element with id: 'Object Repository/14-Income and Expense/button_CANCEL' located by '//mat-dialog-container[@id='mat-dialog-21']/app-iet-addreceipt/div/div/div[2]/div/button' not found
	at com.kms.katalon.core.webui.common.WebUiCommonHelper.findWebElement(WebUiCommonHelper.java:1381)
	at com.kms.katalon.core.webui.keyword.internal.WebUIAbstractKeyword.findWebElement(WebUIAbstractKeyword.groovy:27)
	at com.kms.katalon.core.webui.keyword.builtin.ClickKeyword$_click_closure1.doCall(ClickKeyword.groovy:65)
	at com.kms.katalon.core.webui.keyword.builtin.ClickKeyword$_click_closure1.call(ClickKeyword.groovy)
	at com.kms.katalon.core.webui.keyword.internal.WebUIKeywordMain.runKeyword(WebUIKeywordMain.groovy:20)
	at com.kms.katalon.core.webui.keyword.builtin.ClickKeyword.click(ClickKeyword.groovy:74)
	at com.kms.katalon.core.webui.keyword.builtin.ClickKeyword.execute(ClickKeyword.groovy:40)
	at com.kms.katalon.core.keyword.internal.KeywordExecutor.executeKeywordForPlatform(KeywordExecutor.groovy:74)
	at com.kms.katalon.core.webui.keyword.WebUiBuiltInKeywords.click(WebUiBuiltInKeywords.groovy:620)
	at com.kms.katalon.core.webui.keyword.WebUiBuiltInKeywords$click$4.call(Unknown Source)
	at Script1689752709409.run(Script1689752709409.groovy:24)
	... 13 more
)
[[ATTACHMENT|C:\\Users\\Personal\\Documents\\GitHub\\Everleagues\\Reports\\20230731_201928\\TS-Organization\\14-Income and Expense\\20230731_201928\\1690806265567.png]]]]></system-out>
         <system-err><![CDATA[2023-07-31 20:23:53 - [TEST_CASE][FAILED] - Test Cases/14-Income and Expense/11-Settings: Test Cases/14-Income and Expense/11-Settings FAILED.
Reason:
com.kms.katalon.core.exception.StepFailedException: Unable to click on object 'Object Repository/14-Income and Expense/button_CANCEL'
	at com.kms.katalon.core.webui.keyword.internal.WebUIKeywordMain.stepFailed(WebUIKeywordMain.groovy:64)
	at com.kms.katalon.core.webui.keyword.internal.WebUIKeywordMain.runKeyword(WebUIKeywordMain.groovy:26)
	at com.kms.katalon.core.webui.keyword.builtin.ClickKeyword.click(ClickKeyword.groovy:74)
	at com.kms.katalon.core.webui.keyword.builtin.ClickKeyword.execute(ClickKeyword.groovy:40)
	at com.kms.katalon.core.keyword.internal.KeywordExecutor.executeKeywordForPlatform(KeywordExecutor.groovy:74)
	at com.kms.katalon.core.webui.keyword.WebUiBuiltInKeywords.click(WebUiBuiltInKeywords.groovy:620)
	at com.kms.katalon.core.webui.keyword.WebUiBuiltInKeywords$click$4.call(Unknown Source)
	at 11-Settings.run(11-Settings:24)
	at com.kms.katalon.core.main.ScriptEngine.run(ScriptEngine.java:194)
	at com.kms.katalon.core.main.ScriptEngine.runScriptAsRawText(ScriptEngine.java:119)
	at com.kms.katalon.core.main.TestCaseExecutor.runScript(TestCaseExecutor.java:448)
	at com.kms.katalon.core.main.TestCaseExecutor.doExecute(TestCaseExecutor.java:439)
	at com.kms.katalon.core.main.TestCaseExecutor.processExecutionPhase(TestCaseExecutor.java:418)
	at com.kms.katalon.core.main.TestCaseExecutor.accessMainPhase(TestCaseExecutor.java:410)
	at com.kms.katalon.core.main.TestCaseExecutor.execute(TestCaseExecutor.java:285)
	at com.kms.katalon.core.common.CommonExecutor.accessTestCaseMainPhase(CommonExecutor.java:65)
	at com.kms.katalon.core.main.TestSuiteExecutor.accessTestSuiteMainPhase(TestSuiteExecutor.java:148)
	at com.kms.katalon.core.main.TestSuiteExecutor.execute(TestSuiteExecutor.java:106)
	at com.kms.katalon.core.main.TestCaseMain.startTestSuite(TestCaseMain.java:187)
	at com.kms.katalon.core.main.TestCaseMain$startTestSuite$0.call(Unknown Source)
	at TempTestSuite1690805968037.run(TempTestSuite1690805968037.groovy:36)
Caused by: com.kms.katalon.core.webui.exception.WebElementNotFoundException: Web element with id: 'Object Repository/14-Income and Expense/button_CANCEL' located by '//mat-dialog-container[@id='mat-dialog-21']/app-iet-addreceipt/div/div/div[2]/div/button' not found
	at com.kms.katalon.core.webui.common.WebUiCommonHelper.findWebElement(WebUiCommonHelper.java:1381)
	at com.kms.katalon.core.webui.keyword.internal.WebUIAbstractKeyword.findWebElement(WebUIAbstractKeyword.groovy:27)
	at com.kms.katalon.core.webui.keyword.builtin.ClickKeyword$_click_closure1.doCall(ClickKeyword.groovy:65)
	at com.kms.katalon.core.webui.keyword.builtin.ClickKeyword$_click_closure1.call(ClickKeyword.groovy)
	at com.kms.katalon.core.webui.keyword.internal.WebUIKeywordMain.runKeyword(WebUIKeywordMain.groovy:20)
	... 19 more]]></system-err>
      </testcase>
      <testcase name="Test Cases/14-Income and Expense/12-Delete company" time="33.411" classname="Test Cases/14-Income and Expense/12-Delete company" status="FAILED">
         <failure type="FAILED" message="Test Cases/14-Income and Expense/12-Delete company FAILED.
Reason:
com.kms.katalon.core.exception.StepFailedException: Unable to click on object 'Object Repository/14-Income and Expense/button_delete'
	at com.kms.katalon.core.webui.keyword.internal.WebUIKeywordMain.stepFailed(WebUIKeywordMain.groovy:64)
	at com.kms.katalon.core.webui.keyword.internal.WebUIKeywordMain.runKeyword(WebUIKeywordMain.groovy:26)
	at com.kms.katalon.core.webui.keyword.builtin.ClickKeyword.click(ClickKeyword.groovy:74)
	at com.kms.katalon.core.webui.keyword.builtin.ClickKeyword.execute(ClickKeyword.groovy:40)
	at com.kms.katalon.core.keyword.internal.KeywordExecutor.executeKeywordForPlatform(KeywordExecutor.groovy:74)
	at com.kms.katalon.core.webui.keyword.WebUiBuiltInKeywords.click(WebUiBuiltInKeywords.groovy:620)
	at com.kms.katalon.core.webui.keyword.WebUiBuiltInKeywords$click$4.call(Unknown Source)
	at 12-Delete company.run(12-Delete company:27)
	at com.kms.katalon.core.main.ScriptEngine.run(ScriptEngine.java:194)
	at com.kms.katalon.core.main.ScriptEngine.runScriptAsRawText(ScriptEngine.java:119)
	at com.kms.katalon.core.main.TestCaseExecutor.runScript(TestCaseExecutor.java:448)
	at com.kms.katalon.core.main.TestCaseExecutor.doExecute(TestCaseExecutor.java:439)
	at com.kms.katalon.core.main.TestCaseExecutor.processExecutionPhase(TestCaseExecutor.java:418)
	at com.kms.katalon.core.main.TestCaseExecutor.accessMainPhase(TestCaseExecutor.java:410)
	at com.kms.katalon.core.main.TestCaseExecutor.execute(TestCaseExecutor.java:285)
	at com.kms.katalon.core.common.CommonExecutor.accessTestCaseMainPhase(CommonExecutor.java:65)
	at com.kms.katalon.core.main.TestSuiteExecutor.accessTestSuiteMainPhase(TestSuiteExecutor.java:148)
	at com.kms.katalon.core.main.TestSuiteExecutor.execute(TestSuiteExecutor.java:106)
	at com.kms.katalon.core.main.TestCaseMain.startTestSuite(TestCaseMain.java:187)
	at com.kms.katalon.core.main.TestCaseMain$startTestSuite$0.call(Unknown Source)
	at TempTestSuite1690805968037.run(TempTestSuite1690805968037.groovy:36)
Caused by: org.openqa.selenium.ElementClickInterceptedException: element click intercepted: Element &lt;button _ngcontent-apn-c568=&quot;&quot; mat-icon-button=&quot;&quot; mattooltip=&quot;Delete Company&quot; class=&quot;mat-focus-indicator mat-tooltip-trigger mat-icon-button mat-button-base ng-star-inserted&quot; ng-reflect-message=&quot;Delete Company&quot; aria-describedby=&quot;cdk-describedby-message-apn-1-16&quot; cdk-describedby-host=&quot;apn-1&quot;>...&lt;/button> is not clickable at point (1424, 296). Other element would receive the click: &lt;div class=&quot;cdk-overlay-backdrop cdk-overlay-dark-backdrop cdk-overlay-backdrop-showing&quot;>&lt;/div>
  (Session info: chrome=115.0.5790.110)
Build info: version: '3.141.59', revision: 'e82be7d358', time: '2018-11-14T08:25:53'
System info: host: 'DESKTOP-TFDFEQ1', ip: '10.100.1.38', os.name: 'Windows 11', os.arch: 'amd64', os.version: '10.0', java.version: '1.8.0_362'
Driver info: com.kms.katalon.selenium.driver.CChromeDriver
Capabilities {acceptInsecureCerts: false, browserName: chrome, browserVersion: 115.0.5790.110, chrome: {chromedriverVersion: 114.0.5735.90 (386bc09e8f4f..., userDataDir: C:\Users\Personal\AppData\L...}, goog:chromeOptions: {debuggerAddress: localhost:55046}, javascriptEnabled: true, networkConnectionEnabled: false, pageLoadStrategy: normal, platform: WINDOWS, platformName: WINDOWS, proxy: Proxy(), setWindowRect: true, strictFileInteractability: false, timeouts: {implicit: 0, pageLoad: 300000, script: 30000}, unhandledPromptBehavior: dismiss and notify, webauthn:extension:credBlob: true, webauthn:extension:largeBlob: true, webauthn:extension:minPinLength: true, webauthn:extension:prf: true, webauthn:virtualAuthenticators: true}
Session ID: 36ade162f2a0b22d63dd69aecf50139e
	at org.openqa.selenium.remote.http.W3CHttpResponseCodec.createException(W3CHttpResponseCodec.java:187)
	at org.openqa.selenium.remote.http.W3CHttpResponseCodec.decode(W3CHttpResponseCodec.java:122)
	at org.openqa.selenium.remote.http.W3CHttpResponseCodec.decode(W3CHttpResponseCodec.java:49)
	at org.openqa.selenium.remote.HttpCommandExecutor.execute(HttpCommandExecutor.java:158)
	at org.openqa.selenium.remote.service.DriverCommandExecutor.execute(DriverCommandExecutor.java:83)
	at org.openqa.selenium.remote.RemoteWebDriver.execute(RemoteWebDriver.java:552)
	at com.kms.katalon.selenium.driver.CChromeDriver.execute(CChromeDriver.java:19)
	at org.openqa.selenium.remote.RemoteWebElement.execute(RemoteWebElement.java:285)
	at org.openqa.selenium.remote.RemoteWebElement.click(RemoteWebElement.java:84)
	at org.openqa.selenium.support.events.EventFiringWebDriver$EventFiringWebElement.lambda$new$0(EventFiringWebDriver.java:404)
	at com.sun.proxy.$Proxy11.click(Unknown Source)
	at org.openqa.selenium.support.events.EventFiringWebDriver$EventFiringWebElement.click(EventFiringWebDriver.java:417)
	at org.openqa.selenium.WebElement$click.call(Unknown Source)
	at com.kms.katalon.core.webui.keyword.builtin.ClickKeyword.clickUntilSuccessWithTimeout(ClickKeyword.groovy:81)
	at com.kms.katalon.core.webui.keyword.builtin.ClickKeyword.clickUntilSuccessWithTimeout(ClickKeyword.groovy)
	at com.kms.katalon.core.webui.keyword.builtin.ClickKeyword$_click_closure1.doCall(ClickKeyword.groovy:67)
	at com.kms.katalon.core.webui.keyword.builtin.ClickKeyword$_click_closure1.call(ClickKeyword.groovy)
	at com.kms.katalon.core.webui.keyword.internal.WebUIKeywordMain.runKeyword(WebUIKeywordMain.groovy:20)
	... 19 more
"/>
         <system-out><![CDATA[2023-07-31 20:24:25 - [TEST_CASE][FAILED] - Test Cases/14-Income and Expense/12-Delete company: Test Cases/14-Income and Expense/12-Delete company FAILED.
Reason:
com.kms.katalon.core.exception.StepFailedException: Unable to click on object 'Object Repository/14-Income and Expense/button_delete'
	at com.kms.katalon.core.webui.keyword.internal.WebUIKeywordMain.stepFailed(WebUIKeywordMain.groovy:64)
	at com.kms.katalon.core.webui.keyword.internal.WebUIKeywordMain.runKeyword(WebUIKeywordMain.groovy:26)
	at com.kms.katalon.core.webui.keyword.builtin.ClickKeyword.click(ClickKeyword.groovy:74)
	at com.kms.katalon.core.webui.keyword.builtin.ClickKeyword.execute(ClickKeyword.groovy:40)
	at com.kms.katalon.core.keyword.internal.KeywordExecutor.executeKeywordForPlatform(KeywordExecutor.groovy:74)
	at com.kms.katalon.core.webui.keyword.WebUiBuiltInKeywords.click(WebUiBuiltInKeywords.groovy:620)
	at com.kms.katalon.core.webui.keyword.WebUiBuiltInKeywords$click$4.call(Unknown Source)
	at 12-Delete company.run(12-Delete company:27)
	at com.kms.katalon.core.main.ScriptEngine.run(ScriptEngine.java:194)
	at com.kms.katalon.core.main.ScriptEngine.runScriptAsRawText(ScriptEngine.java:119)
	at com.kms.katalon.core.main.TestCaseExecutor.runScript(TestCaseExecutor.java:448)
	at com.kms.katalon.core.main.TestCaseExecutor.doExecute(TestCaseExecutor.java:439)
	at com.kms.katalon.core.main.TestCaseExecutor.processExecutionPhase(TestCaseExecutor.java:418)
	at com.kms.katalon.core.main.TestCaseExecutor.accessMainPhase(TestCaseExecutor.java:410)
	at com.kms.katalon.core.main.TestCaseExecutor.execute(TestCaseExecutor.java:285)
	at com.kms.katalon.core.common.CommonExecutor.accessTestCaseMainPhase(CommonExecutor.java:65)
	at com.kms.katalon.core.main.TestSuiteExecutor.accessTestSuiteMainPhase(TestSuiteExecutor.java:148)
	at com.kms.katalon.core.main.TestSuiteExecutor.execute(TestSuiteExecutor.java:106)
	at com.kms.katalon.core.main.TestCaseMain.startTestSuite(TestCaseMain.java:187)
	at com.kms.katalon.core.main.TestCaseMain$startTestSuite$0.call(Unknown Source)
	at TempTestSuite1690805968037.run(TempTestSuite1690805968037.groovy:36)
Caused by: org.openqa.selenium.ElementClickInterceptedException: element click intercepted: Element <button _ngcontent-apn-c568="" mat-icon-button="" mattooltip="Delete Company" class="mat-focus-indicator mat-tooltip-trigger mat-icon-button mat-button-base ng-star-inserted" ng-reflect-message="Delete Company" aria-describedby="cdk-describedby-message-apn-1-16" cdk-describedby-host="apn-1">...</button> is not clickable at point (1424, 296). Other element would receive the click: <div class="cdk-overlay-backdrop cdk-overlay-dark-backdrop cdk-overlay-backdrop-showing"></div>
  (Session info: chrome=115.0.5790.110)
Build info: version: '3.141.59', revision: 'e82be7d358', time: '2018-11-14T08:25:53'
System info: host: 'DESKTOP-TFDFEQ1', ip: '10.100.1.38', os.name: 'Windows 11', os.arch: 'amd64', os.version: '10.0', java.version: '1.8.0_362'
Driver info: com.kms.katalon.selenium.driver.CChromeDriver
Capabilities {acceptInsecureCerts: false, browserName: chrome, browserVersion: 115.0.5790.110, chrome: {chromedriverVersion: 114.0.5735.90 (386bc09e8f4f..., userDataDir: C:\Users\Personal\AppData\L...}, goog:chromeOptions: {debuggerAddress: localhost:55046}, javascriptEnabled: true, networkConnectionEnabled: false, pageLoadStrategy: normal, platform: WINDOWS, platformName: WINDOWS, proxy: Proxy(), setWindowRect: true, strictFileInteractability: false, timeouts: {implicit: 0, pageLoad: 300000, script: 30000}, unhandledPromptBehavior: dismiss and notify, webauthn:extension:credBlob: true, webauthn:extension:largeBlob: true, webauthn:extension:minPinLength: true, webauthn:extension:prf: true, webauthn:virtualAuthenticators: true}
Session ID: 36ade162f2a0b22d63dd69aecf50139e
	at org.openqa.selenium.remote.http.W3CHttpResponseCodec.createException(W3CHttpResponseCodec.java:187)
	at org.openqa.selenium.remote.http.W3CHttpResponseCodec.decode(W3CHttpResponseCodec.java:122)
	at org.openqa.selenium.remote.http.W3CHttpResponseCodec.decode(W3CHttpResponseCodec.java:49)
	at org.openqa.selenium.remote.HttpCommandExecutor.execute(HttpCommandExecutor.java:158)
	at org.openqa.selenium.remote.service.DriverCommandExecutor.execute(DriverCommandExecutor.java:83)
	at org.openqa.selenium.remote.RemoteWebDriver.execute(RemoteWebDriver.java:552)
	at com.kms.katalon.selenium.driver.CChromeDriver.execute(CChromeDriver.java:19)
	at org.openqa.selenium.remote.RemoteWebElement.execute(RemoteWebElement.java:285)
	at org.openqa.selenium.remote.RemoteWebElement.click(RemoteWebElement.java:84)
	at org.openqa.selenium.support.events.EventFiringWebDriver$EventFiringWebElement.lambda$new$0(EventFiringWebDriver.java:404)
	at com.sun.proxy.$Proxy11.click(Unknown Source)
	at org.openqa.selenium.support.events.EventFiringWebDriver$EventFiringWebElement.click(EventFiringWebDriver.java:417)
	at org.openqa.selenium.WebElement$click.call(Unknown Source)
	at com.kms.katalon.core.webui.keyword.builtin.ClickKeyword.clickUntilSuccessWithTimeout(ClickKeyword.groovy:81)
	at com.kms.katalon.core.webui.keyword.builtin.ClickKeyword.clickUntilSuccessWithTimeout(ClickKeyword.groovy)
	at com.kms.katalon.core.webui.keyword.builtin.ClickKeyword$_click_closure1.doCall(ClickKeyword.groovy:67)
	at com.kms.katalon.core.webui.keyword.builtin.ClickKeyword$_click_closure1.call(ClickKeyword.groovy)
	at com.kms.katalon.core.webui.keyword.internal.WebUIKeywordMain.runKeyword(WebUIKeywordMain.groovy:20)
	... 19 more


2023-07-31 20:24:25 - [TEST_STEP][FAILED] - click(findTestObject("14-Income and Expense/button_delete")): Unable to click on object 'Object Repository/14-Income and Expense/button_delete' (Root cause: com.kms.katalon.core.exception.StepFailedException: Unable to click on object 'Object Repository/14-Income and Expense/button_delete'
	at com.kms.katalon.core.webui.keyword.internal.WebUIKeywordMain.stepFailed(WebUIKeywordMain.groovy:64)
	at com.kms.katalon.core.webui.keyword.internal.WebUIKeywordMain.runKeyword(WebUIKeywordMain.groovy:26)
	at com.kms.katalon.core.webui.keyword.builtin.ClickKeyword.click(ClickKeyword.groovy:74)
	at com.kms.katalon.core.webui.keyword.builtin.ClickKeyword.execute(ClickKeyword.groovy:40)
	at com.kms.katalon.core.keyword.internal.KeywordExecutor.executeKeywordForPlatform(KeywordExecutor.groovy:74)
	at com.kms.katalon.core.webui.keyword.WebUiBuiltInKeywords.click(WebUiBuiltInKeywords.groovy:620)
	at com.kms.katalon.core.webui.keyword.WebUiBuiltInKeywords$click$4.call(Unknown Source)
	at 12-Delete company.run(12-Delete company:27)
	at com.kms.katalon.core.main.ScriptEngine.run(ScriptEngine.java:194)
	at com.kms.katalon.core.main.ScriptEngine.runScriptAsRawText(ScriptEngine.java:119)
	at com.kms.katalon.core.main.TestCaseExecutor.runScript(TestCaseExecutor.java:448)
	at com.kms.katalon.core.main.TestCaseExecutor.doExecute(TestCaseExecutor.java:439)
	at com.kms.katalon.core.main.TestCaseExecutor.processExecutionPhase(TestCaseExecutor.java:418)
	at com.kms.katalon.core.main.TestCaseExecutor.accessMainPhase(TestCaseExecutor.java:410)
	at com.kms.katalon.core.main.TestCaseExecutor.execute(TestCaseExecutor.java:285)
	at com.kms.katalon.core.common.CommonExecutor.accessTestCaseMainPhase(CommonExecutor.java:65)
	at com.kms.katalon.core.main.TestSuiteExecutor.accessTestSuiteMainPhase(TestSuiteExecutor.java:148)
	at com.kms.katalon.core.main.TestSuiteExecutor.execute(TestSuiteExecutor.java:106)
	at com.kms.katalon.core.main.TestCaseMain.startTestSuite(TestCaseMain.java:187)
	at com.kms.katalon.core.main.TestCaseMain$startTestSuite$0.call(Unknown Source)
	at TempTestSuite1690805968037.run(TempTestSuite1690805968037.groovy:36)
Caused by: org.openqa.selenium.ElementClickInterceptedException: element click intercepted: Element <button _ngcontent-apn-c568="" mat-icon-button="" mattooltip="Delete Company" class="mat-focus-indicator mat-tooltip-trigger mat-icon-button mat-button-base ng-star-inserted" ng-reflect-message="Delete Company" aria-describedby="cdk-describedby-message-apn-1-16" cdk-describedby-host="apn-1">...</button> is not clickable at point (1424, 296). Other element would receive the click: <div class="cdk-overlay-backdrop cdk-overlay-dark-backdrop cdk-overlay-backdrop-showing"></div>
  (Session info: chrome=115.0.5790.110)
Build info: version: '3.141.59', revision: 'e82be7d358', time: '2018-11-14T08:25:53'
System info: host: 'DESKTOP-TFDFEQ1', ip: '10.100.1.38', os.name: 'Windows 11', os.arch: 'amd64', os.version: '10.0', java.version: '1.8.0_362'
Driver info: com.kms.katalon.selenium.driver.CChromeDriver
Capabilities {acceptInsecureCerts: false, browserName: chrome, browserVersion: 115.0.5790.110, chrome: {chromedriverVersion: 114.0.5735.90 (386bc09e8f4f..., userDataDir: C:\Users\Personal\AppData\L...}, goog:chromeOptions: {debuggerAddress: localhost:55046}, javascriptEnabled: true, networkConnectionEnabled: false, pageLoadStrategy: normal, platform: WINDOWS, platformName: WINDOWS, proxy: Proxy(), setWindowRect: true, strictFileInteractability: false, timeouts: {implicit: 0, pageLoad: 300000, script: 30000}, unhandledPromptBehavior: dismiss and notify, webauthn:extension:credBlob: true, webauthn:extension:largeBlob: true, webauthn:extension:minPinLength: true, webauthn:extension:prf: true, webauthn:virtualAuthenticators: true}
Session ID: 36ade162f2a0b22d63dd69aecf50139e
	at org.openqa.selenium.remote.http.W3CHttpResponseCodec.createException(W3CHttpResponseCodec.java:187)
	at org.openqa.selenium.remote.http.W3CHttpResponseCodec.decode(W3CHttpResponseCodec.java:122)
	at org.openqa.selenium.remote.http.W3CHttpResponseCodec.decode(W3CHttpResponseCodec.java:49)
	at org.openqa.selenium.remote.HttpCommandExecutor.execute(HttpCommandExecutor.java:158)
	at org.openqa.selenium.remote.service.DriverCommandExecutor.execute(DriverCommandExecutor.java:83)
	at org.openqa.selenium.remote.RemoteWebDriver.execute(RemoteWebDriver.java:552)
	at com.kms.katalon.selenium.driver.CChromeDriver.execute(CChromeDriver.java:19)
	at org.openqa.selenium.remote.RemoteWebElement.execute(RemoteWebElement.java:285)
	at org.openqa.selenium.remote.RemoteWebElement.click(RemoteWebElement.java:84)
	at org.openqa.selenium.support.events.EventFiringWebDriver$EventFiringWebElement.lambda$new$0(EventFiringWebDriver.java:404)
	at com.sun.proxy.$Proxy11.click(Unknown Source)
	at org.openqa.selenium.support.events.EventFiringWebDriver$EventFiringWebElement.click(EventFiringWebDriver.java:417)
	at org.openqa.selenium.WebElement$click.call(Unknown Source)
	at com.kms.katalon.core.webui.keyword.builtin.ClickKeyword.clickUntilSuccessWithTimeout(ClickKeyword.groovy:81)
	at com.kms.katalon.core.webui.keyword.builtin.ClickKeyword.clickUntilSuccessWithTimeout(ClickKeyword.groovy)
	at com.kms.katalon.core.webui.keyword.builtin.ClickKeyword$_click_closure1.doCall(ClickKeyword.groovy:67)
	at com.kms.katalon.core.webui.keyword.builtin.ClickKeyword$_click_closure1.call(ClickKeyword.groovy)
	at com.kms.katalon.core.webui.keyword.internal.WebUIKeywordMain.runKeyword(WebUIKeywordMain.groovy:20)
	at com.kms.katalon.core.webui.keyword.builtin.ClickKeyword.click(ClickKeyword.groovy:74)
	at com.kms.katalon.core.webui.keyword.builtin.ClickKeyword.execute(ClickKeyword.groovy:40)
	at com.kms.katalon.core.keyword.internal.KeywordExecutor.executeKeywordForPlatform(KeywordExecutor.groovy:74)
	at com.kms.katalon.core.webui.keyword.WebUiBuiltInKeywords.click(WebUiBuiltInKeywords.groovy:620)
	at com.kms.katalon.core.webui.keyword.WebUiBuiltInKeywords$click$4.call(Unknown Source)
	at Script1689752709413.run(Script1689752709413.groovy:27)
	... 13 more
)

2023-07-31 20:24:59 - [MESSAGE][FAILED] - Unable to click on object 'Object Repository/14-Income and Expense/button_delete' (Root cause: com.kms.katalon.core.exception.StepFailedException: Unable to click on object 'Object Repository/14-Income and Expense/button_delete'
	at com.kms.katalon.core.webui.keyword.internal.WebUIKeywordMain.stepFailed(WebUIKeywordMain.groovy:64)
	at com.kms.katalon.core.webui.keyword.internal.WebUIKeywordMain.runKeyword(WebUIKeywordMain.groovy:26)
	at com.kms.katalon.core.webui.keyword.builtin.ClickKeyword.click(ClickKeyword.groovy:74)
	at com.kms.katalon.core.webui.keyword.builtin.ClickKeyword.execute(ClickKeyword.groovy:40)
	at com.kms.katalon.core.keyword.internal.KeywordExecutor.executeKeywordForPlatform(KeywordExecutor.groovy:74)
	at com.kms.katalon.core.webui.keyword.WebUiBuiltInKeywords.click(WebUiBuiltInKeywords.groovy:620)
	at com.kms.katalon.core.webui.keyword.WebUiBuiltInKeywords$click$4.call(Unknown Source)
	at 12-Delete company.run(12-Delete company:27)
	at com.kms.katalon.core.main.ScriptEngine.run(ScriptEngine.java:194)
	at com.kms.katalon.core.main.ScriptEngine.runScriptAsRawText(ScriptEngine.java:119)
	at com.kms.katalon.core.main.TestCaseExecutor.runScript(TestCaseExecutor.java:448)
	at com.kms.katalon.core.main.TestCaseExecutor.doExecute(TestCaseExecutor.java:439)
	at com.kms.katalon.core.main.TestCaseExecutor.processExecutionPhase(TestCaseExecutor.java:418)
	at com.kms.katalon.core.main.TestCaseExecutor.accessMainPhase(TestCaseExecutor.java:410)
	at com.kms.katalon.core.main.TestCaseExecutor.execute(TestCaseExecutor.java:285)
	at com.kms.katalon.core.common.CommonExecutor.accessTestCaseMainPhase(CommonExecutor.java:65)
	at com.kms.katalon.core.main.TestSuiteExecutor.accessTestSuiteMainPhase(TestSuiteExecutor.java:148)
	at com.kms.katalon.core.main.TestSuiteExecutor.execute(TestSuiteExecutor.java:106)
	at com.kms.katalon.core.main.TestCaseMain.startTestSuite(TestCaseMain.java:187)
	at com.kms.katalon.core.main.TestCaseMain$startTestSuite$0.call(Unknown Source)
	at TempTestSuite1690805968037.run(TempTestSuite1690805968037.groovy:36)
Caused by: org.openqa.selenium.ElementClickInterceptedException: element click intercepted: Element <button _ngcontent-apn-c568="" mat-icon-button="" mattooltip="Delete Company" class="mat-focus-indicator mat-tooltip-trigger mat-icon-button mat-button-base ng-star-inserted" ng-reflect-message="Delete Company" aria-describedby="cdk-describedby-message-apn-1-16" cdk-describedby-host="apn-1">...</button> is not clickable at point (1424, 296). Other element would receive the click: <div class="cdk-overlay-backdrop cdk-overlay-dark-backdrop cdk-overlay-backdrop-showing"></div>
  (Session info: chrome=115.0.5790.110)
Build info: version: '3.141.59', revision: 'e82be7d358', time: '2018-11-14T08:25:53'
System info: host: 'DESKTOP-TFDFEQ1', ip: '10.100.1.38', os.name: 'Windows 11', os.arch: 'amd64', os.version: '10.0', java.version: '1.8.0_362'
Driver info: com.kms.katalon.selenium.driver.CChromeDriver
Capabilities {acceptInsecureCerts: false, browserName: chrome, browserVersion: 115.0.5790.110, chrome: {chromedriverVersion: 114.0.5735.90 (386bc09e8f4f..., userDataDir: C:\Users\Personal\AppData\L...}, goog:chromeOptions: {debuggerAddress: localhost:55046}, javascriptEnabled: true, networkConnectionEnabled: false, pageLoadStrategy: normal, platform: WINDOWS, platformName: WINDOWS, proxy: Proxy(), setWindowRect: true, strictFileInteractability: false, timeouts: {implicit: 0, pageLoad: 300000, script: 30000}, unhandledPromptBehavior: dismiss and notify, webauthn:extension:credBlob: true, webauthn:extension:largeBlob: true, webauthn:extension:minPinLength: true, webauthn:extension:prf: true, webauthn:virtualAuthenticators: true}
Session ID: 36ade162f2a0b22d63dd69aecf50139e
	at org.openqa.selenium.remote.http.W3CHttpResponseCodec.createException(W3CHttpResponseCodec.java:187)
	at org.openqa.selenium.remote.http.W3CHttpResponseCodec.decode(W3CHttpResponseCodec.java:122)
	at org.openqa.selenium.remote.http.W3CHttpResponseCodec.decode(W3CHttpResponseCodec.java:49)
	at org.openqa.selenium.remote.HttpCommandExecutor.execute(HttpCommandExecutor.java:158)
	at org.openqa.selenium.remote.service.DriverCommandExecutor.execute(DriverCommandExecutor.java:83)
	at org.openqa.selenium.remote.RemoteWebDriver.execute(RemoteWebDriver.java:552)
	at com.kms.katalon.selenium.driver.CChromeDriver.execute(CChromeDriver.java:19)
	at org.openqa.selenium.remote.RemoteWebElement.execute(RemoteWebElement.java:285)
	at org.openqa.selenium.remote.RemoteWebElement.click(RemoteWebElement.java:84)
	at org.openqa.selenium.support.events.EventFiringWebDriver$EventFiringWebElement.lambda$new$0(EventFiringWebDriver.java:404)
	at com.sun.proxy.$Proxy11.click(Unknown Source)
	at org.openqa.selenium.support.events.EventFiringWebDriver$EventFiringWebElement.click(EventFiringWebDriver.java:417)
	at org.openqa.selenium.WebElement$click.call(Unknown Source)
	at com.kms.katalon.core.webui.keyword.builtin.ClickKeyword.clickUntilSuccessWithTimeout(ClickKeyword.groovy:81)
	at com.kms.katalon.core.webui.keyword.builtin.ClickKeyword.clickUntilSuccessWithTimeout(ClickKeyword.groovy)
	at com.kms.katalon.core.webui.keyword.builtin.ClickKeyword$_click_closure1.doCall(ClickKeyword.groovy:67)
	at com.kms.katalon.core.webui.keyword.builtin.ClickKeyword$_click_closure1.call(ClickKeyword.groovy)
	at com.kms.katalon.core.webui.keyword.internal.WebUIKeywordMain.runKeyword(WebUIKeywordMain.groovy:20)
	at com.kms.katalon.core.webui.keyword.builtin.ClickKeyword.click(ClickKeyword.groovy:74)
	at com.kms.katalon.core.webui.keyword.builtin.ClickKeyword.execute(ClickKeyword.groovy:40)
	at com.kms.katalon.core.keyword.internal.KeywordExecutor.executeKeywordForPlatform(KeywordExecutor.groovy:74)
	at com.kms.katalon.core.webui.keyword.WebUiBuiltInKeywords.click(WebUiBuiltInKeywords.groovy:620)
	at com.kms.katalon.core.webui.keyword.WebUiBuiltInKeywords$click$4.call(Unknown Source)
	at Script1689752709413.run(Script1689752709413.groovy:27)
	... 13 more
)
[[ATTACHMENT|C:\\Users\\Personal\\Documents\\GitHub\\Everleagues\\Reports\\20230731_201928\\TS-Organization\\14-Income and Expense\\20230731_201928\\1690806298980.png]]]]></system-out>
         <system-err><![CDATA[2023-07-31 20:24:25 - [TEST_CASE][FAILED] - Test Cases/14-Income and Expense/12-Delete company: Test Cases/14-Income and Expense/12-Delete company FAILED.
Reason:
com.kms.katalon.core.exception.StepFailedException: Unable to click on object 'Object Repository/14-Income and Expense/button_delete'
	at com.kms.katalon.core.webui.keyword.internal.WebUIKeywordMain.stepFailed(WebUIKeywordMain.groovy:64)
	at com.kms.katalon.core.webui.keyword.internal.WebUIKeywordMain.runKeyword(WebUIKeywordMain.groovy:26)
	at com.kms.katalon.core.webui.keyword.builtin.ClickKeyword.click(ClickKeyword.groovy:74)
	at com.kms.katalon.core.webui.keyword.builtin.ClickKeyword.execute(ClickKeyword.groovy:40)
	at com.kms.katalon.core.keyword.internal.KeywordExecutor.executeKeywordForPlatform(KeywordExecutor.groovy:74)
	at com.kms.katalon.core.webui.keyword.WebUiBuiltInKeywords.click(WebUiBuiltInKeywords.groovy:620)
	at com.kms.katalon.core.webui.keyword.WebUiBuiltInKeywords$click$4.call(Unknown Source)
	at 12-Delete company.run(12-Delete company:27)
	at com.kms.katalon.core.main.ScriptEngine.run(ScriptEngine.java:194)
	at com.kms.katalon.core.main.ScriptEngine.runScriptAsRawText(ScriptEngine.java:119)
	at com.kms.katalon.core.main.TestCaseExecutor.runScript(TestCaseExecutor.java:448)
	at com.kms.katalon.core.main.TestCaseExecutor.doExecute(TestCaseExecutor.java:439)
	at com.kms.katalon.core.main.TestCaseExecutor.processExecutionPhase(TestCaseExecutor.java:418)
	at com.kms.katalon.core.main.TestCaseExecutor.accessMainPhase(TestCaseExecutor.java:410)
	at com.kms.katalon.core.main.TestCaseExecutor.execute(TestCaseExecutor.java:285)
	at com.kms.katalon.core.common.CommonExecutor.accessTestCaseMainPhase(CommonExecutor.java:65)
	at com.kms.katalon.core.main.TestSuiteExecutor.accessTestSuiteMainPhase(TestSuiteExecutor.java:148)
	at com.kms.katalon.core.main.TestSuiteExecutor.execute(TestSuiteExecutor.java:106)
	at com.kms.katalon.core.main.TestCaseMain.startTestSuite(TestCaseMain.java:187)
	at com.kms.katalon.core.main.TestCaseMain$startTestSuite$0.call(Unknown Source)
	at TempTestSuite1690805968037.run(TempTestSuite1690805968037.groovy:36)
Caused by: org.openqa.selenium.ElementClickInterceptedException: element click intercepted: Element <button _ngcontent-apn-c568="" mat-icon-button="" mattooltip="Delete Company" class="mat-focus-indicator mat-tooltip-trigger mat-icon-button mat-button-base ng-star-inserted" ng-reflect-message="Delete Company" aria-describedby="cdk-describedby-message-apn-1-16" cdk-describedby-host="apn-1">...</button> is not clickable at point (1424, 296). Other element would receive the click: <div class="cdk-overlay-backdrop cdk-overlay-dark-backdrop cdk-overlay-backdrop-showing"></div>
  (Session info: chrome=115.0.5790.110)
Build info: version: '3.141.59', revision: 'e82be7d358', time: '2018-11-14T08:25:53'
System info: host: 'DESKTOP-TFDFEQ1', ip: '10.100.1.38', os.name: 'Windows 11', os.arch: 'amd64', os.version: '10.0', java.version: '1.8.0_362'
Driver info: com.kms.katalon.selenium.driver.CChromeDriver
Capabilities {acceptInsecureCerts: false, browserName: chrome, browserVersion: 115.0.5790.110, chrome: {chromedriverVersion: 114.0.5735.90 (386bc09e8f4f..., userDataDir: C:\Users\Personal\AppData\L...}, goog:chromeOptions: {debuggerAddress: localhost:55046}, javascriptEnabled: true, networkConnectionEnabled: false, pageLoadStrategy: normal, platform: WINDOWS, platformName: WINDOWS, proxy: Proxy(), setWindowRect: true, strictFileInteractability: false, timeouts: {implicit: 0, pageLoad: 300000, script: 30000}, unhandledPromptBehavior: dismiss and notify, webauthn:extension:credBlob: true, webauthn:extension:largeBlob: true, webauthn:extension:minPinLength: true, webauthn:extension:prf: true, webauthn:virtualAuthenticators: true}
Session ID: 36ade162f2a0b22d63dd69aecf50139e
	at org.openqa.selenium.remote.http.W3CHttpResponseCodec.createException(W3CHttpResponseCodec.java:187)
	at org.openqa.selenium.remote.http.W3CHttpResponseCodec.decode(W3CHttpResponseCodec.java:122)
	at org.openqa.selenium.remote.http.W3CHttpResponseCodec.decode(W3CHttpResponseCodec.java:49)
	at org.openqa.selenium.remote.HttpCommandExecutor.execute(HttpCommandExecutor.java:158)
	at org.openqa.selenium.remote.service.DriverCommandExecutor.execute(DriverCommandExecutor.java:83)
	at org.openqa.selenium.remote.RemoteWebDriver.execute(RemoteWebDriver.java:552)
	at com.kms.katalon.selenium.driver.CChromeDriver.execute(CChromeDriver.java:19)
	at org.openqa.selenium.remote.RemoteWebElement.execute(RemoteWebElement.java:285)
	at org.openqa.selenium.remote.RemoteWebElement.click(RemoteWebElement.java:84)
	at org.openqa.selenium.support.events.EventFiringWebDriver$EventFiringWebElement.lambda$new$0(EventFiringWebDriver.java:404)
	at com.sun.proxy.$Proxy11.click(Unknown Source)
	at org.openqa.selenium.support.events.EventFiringWebDriver$EventFiringWebElement.click(EventFiringWebDriver.java:417)
	at org.openqa.selenium.WebElement$click.call(Unknown Source)
	at com.kms.katalon.core.webui.keyword.builtin.ClickKeyword.clickUntilSuccessWithTimeout(ClickKeyword.groovy:81)
	at com.kms.katalon.core.webui.keyword.builtin.ClickKeyword.clickUntilSuccessWithTimeout(ClickKeyword.groovy)
	at com.kms.katalon.core.webui.keyword.builtin.ClickKeyword$_click_closure1.doCall(ClickKeyword.groovy:67)
	at com.kms.katalon.core.webui.keyword.builtin.ClickKeyword$_click_closure1.call(ClickKeyword.groovy)
	at com.kms.katalon.core.webui.keyword.internal.WebUIKeywordMain.runKeyword(WebUIKeywordMain.groovy:20)
	... 19 more]]></system-err>
      </testcase>
      <system-out><![CDATA[2023-07-31 20:19:29 - [TEST_SUITE][FAILED] - 14-Income and Expense: Test Cases/14-Income and Expense/09-Update report - Edit receipt FAILED.
Reason:
com.kms.katalon.core.exception.StepFailedException: Unable to click on object 'Object Repository/14-Income and Expense/button_CANCEL'
	at com.kms.katalon.core.webui.keyword.internal.WebUIKeywordMain.stepFailed(WebUIKeywordMain.groovy:64)
	at com.kms.katalon.core.webui.keyword.internal.WebUIKeywordMain.runKeyword(WebUIKeywordMain.groovy:26)
	at com.kms.katalon.core.webui.keyword.builtin.ClickKeyword.click(ClickKeyword.groovy:74)
	at com.kms.katalon.core.webui.keyword.builtin.ClickKeyword.execute(ClickKeyword.groovy:40)
	at com.kms.katalon.core.keyword.internal.KeywordExecutor.executeKeywordForPlatform(KeywordExecutor.groovy:74)
	at com.kms.katalon.core.webui.keyword.WebUiBuiltInKeywords.click(WebUiBuiltInKeywords.groovy:620)
	at com.kms.katalon.core.webui.keyword.WebUiBuiltInKeywords$click$4.call(Unknown Source)
	at 09-Update report - Edit receipt.run(09-Update report - Edit receipt:22)
	at com.kms.katalon.core.main.ScriptEngine.run(ScriptEngine.java:194)
	at com.kms.katalon.core.main.ScriptEngine.runScriptAsRawText(ScriptEngine.java:119)
	at com.kms.katalon.core.main.TestCaseExecutor.runScript(TestCaseExecutor.java:448)
	at com.kms.katalon.core.main.TestCaseExecutor.doExecute(TestCaseExecutor.java:439)
	at com.kms.katalon.core.main.TestCaseExecutor.processExecutionPhase(TestCaseExecutor.java:418)
	at com.kms.katalon.core.main.TestCaseExecutor.accessMainPhase(TestCaseExecutor.java:410)
	at com.kms.katalon.core.main.TestCaseExecutor.execute(TestCaseExecutor.java:285)
	at com.kms.katalon.core.common.CommonExecutor.accessTestCaseMainPhase(CommonExecutor.java:65)
	at com.kms.katalon.core.main.TestSuiteExecutor.accessTestSuiteMainPhase(TestSuiteExecutor.java:148)
	at com.kms.katalon.core.main.TestSuiteExecutor.execute(TestSuiteExecutor.java:106)
	at com.kms.katalon.core.main.TestCaseMain.startTestSuite(TestCaseMain.java:187)
	at com.kms.katalon.core.main.TestCaseMain$startTestSuite$0.call(Unknown Source)
	at TempTestSuite1690805968037.run(TempTestSuite1690805968037.groovy:36)
Caused by: com.kms.katalon.core.webui.exception.WebElementNotFoundException: Web element with id: 'Object Repository/14-Income and Expense/button_CANCEL' located by '//mat-dialog-container[@id='mat-dialog-21']/app-iet-addreceipt/div/div/div[2]/div/button' not found
	at com.kms.katalon.core.webui.common.WebUiCommonHelper.findWebElement(WebUiCommonHelper.java:1381)
	at com.kms.katalon.core.webui.keyword.internal.WebUIAbstractKeyword.findWebElement(WebUIAbstractKeyword.groovy:27)
	at com.kms.katalon.core.webui.keyword.builtin.ClickKeyword$_click_closure1.doCall(ClickKeyword.groovy:65)
	at com.kms.katalon.core.webui.keyword.builtin.ClickKeyword$_click_closure1.call(ClickKeyword.groovy)
	at com.kms.katalon.core.webui.keyword.internal.WebUIKeywordMain.runKeyword(WebUIKeywordMain.groovy:20)
	... 19 more]]></system-out>
      <system-err><![CDATA[2023-07-31 20:19:29 - [TEST_SUITE][FAILED] - 14-Income and Expense: Test Cases/14-Income and Expense/09-Update report - Edit receipt FAILED.
Reason:
com.kms.katalon.core.exception.StepFailedException: Unable to click on object 'Object Repository/14-Income and Expense/button_CANCEL'
	at com.kms.katalon.core.webui.keyword.internal.WebUIKeywordMain.stepFailed(WebUIKeywordMain.groovy:64)
	at com.kms.katalon.core.webui.keyword.internal.WebUIKeywordMain.runKeyword(WebUIKeywordMain.groovy:26)
	at com.kms.katalon.core.webui.keyword.builtin.ClickKeyword.click(ClickKeyword.groovy:74)
	at com.kms.katalon.core.webui.keyword.builtin.ClickKeyword.execute(ClickKeyword.groovy:40)
	at com.kms.katalon.core.keyword.internal.KeywordExecutor.executeKeywordForPlatform(KeywordExecutor.groovy:74)
	at com.kms.katalon.core.webui.keyword.WebUiBuiltInKeywords.click(WebUiBuiltInKeywords.groovy:620)
	at com.kms.katalon.core.webui.keyword.WebUiBuiltInKeywords$click$4.call(Unknown Source)
	at 09-Update report - Edit receipt.run(09-Update report - Edit receipt:22)
	at com.kms.katalon.core.main.ScriptEngine.run(ScriptEngine.java:194)
	at com.kms.katalon.core.main.ScriptEngine.runScriptAsRawText(ScriptEngine.java:119)
	at com.kms.katalon.core.main.TestCaseExecutor.runScript(TestCaseExecutor.java:448)
	at com.kms.katalon.core.main.TestCaseExecutor.doExecute(TestCaseExecutor.java:439)
	at com.kms.katalon.core.main.TestCaseExecutor.processExecutionPhase(TestCaseExecutor.java:418)
	at com.kms.katalon.core.main.TestCaseExecutor.accessMainPhase(TestCaseExecutor.java:410)
	at com.kms.katalon.core.main.TestCaseExecutor.execute(TestCaseExecutor.java:285)
	at com.kms.katalon.core.common.CommonExecutor.accessTestCaseMainPhase(CommonExecutor.java:65)
	at com.kms.katalon.core.main.TestSuiteExecutor.accessTestSuiteMainPhase(TestSuiteExecutor.java:148)
	at com.kms.katalon.core.main.TestSuiteExecutor.execute(TestSuiteExecutor.java:106)
	at com.kms.katalon.core.main.TestCaseMain.startTestSuite(TestCaseMain.java:187)
	at com.kms.katalon.core.main.TestCaseMain$startTestSuite$0.call(Unknown Source)
	at TempTestSuite1690805968037.run(TempTestSuite1690805968037.groovy:36)
Caused by: com.kms.katalon.core.webui.exception.WebElementNotFoundException: Web element with id: 'Object Repository/14-Income and Expense/button_CANCEL' located by '//mat-dialog-container[@id='mat-dialog-21']/app-iet-addreceipt/div/div/div[2]/div/button' not found
	at com.kms.katalon.core.webui.common.WebUiCommonHelper.findWebElement(WebUiCommonHelper.java:1381)
	at com.kms.katalon.core.webui.keyword.internal.WebUIAbstractKeyword.findWebElement(WebUIAbstractKeyword.groovy:27)
	at com.kms.katalon.core.webui.keyword.builtin.ClickKeyword$_click_closure1.doCall(ClickKeyword.groovy:65)
	at com.kms.katalon.core.webui.keyword.builtin.ClickKeyword$_click_closure1.call(ClickKeyword.groovy)
	at com.kms.katalon.core.webui.keyword.internal.WebUIKeywordMain.runKeyword(WebUIKeywordMain.groovy:20)
	... 19 more]]></system-err>
   </testsuite>
</testsuites>
